[00:40:51.639] Global cache location '/home/milena/.cache/typescript/4.6', safe file path '/home/milena/.emacs.d/.local/etc/lsp/npm/typescript/lib/node_modules/typescript/lib/typingSafeList.json', types map path /home/milena/.emacs.d/.local/etc/lsp/npm/typescript/lib/node_modules/typescript/lib/typesMap.json
[00:40:51.639] Processing cache location '/home/milena/.cache/typescript/4.6'
[00:40:51.639] Trying to find '/home/milena/.cache/typescript/4.6/package.json'...
[00:40:51.640] Finished processing cache location '/home/milena/.cache/typescript/4.6'
[00:40:51.640] Process id: 519697
[00:40:51.640] NPM location: /home/milena/.nvm/versions/node/v16.13.2/bin/npm (explicit '--npmLocation' not  provided)
[00:40:51.640] validateDefaultNpmLocation: false
[00:40:51.640] Npm config file: /home/milena/.cache/typescript/4.6/package.json
[00:40:51.640] Npm config file: '/home/milena/.cache/typescript/4.6/package.json' is missing, creating new one...
[00:40:51.640] Updating types-registry npm package...
[00:40:51.640] Exec: /home/milena/.nvm/versions/node/v16.13.2/bin/npm install --ignore-scripts types-registry@latest
[00:40:53.176]     Succeeded. stdout:
    
    added 1 package, and audited 2 packages in 1s

found 0 vulnerabilities

[00:40:53.176] Updated types-registry npm package
[00:40:53.191] Got install request {"projectName":"/dev/null/inferredProject1*","fileNames":["/home/milena/.emacs.d/.local/etc/lsp/npm/typescript/lib/node_modules/typescript/lib/lib.es5.d.ts","/home/milena/.emacs.d/.local/etc/lsp/npm/typescript/lib/node_modules/typescript/lib/lib.es2015.d.ts","/home/milena/.emacs.d/.local/etc/lsp/npm/typescript/lib/node_modules/typescript/lib/lib.es2016.d.ts","/home/milena/.emacs.d/.local/etc/lsp/npm/typescript/lib/node_modules/typescript/lib/lib.dom.d.ts","/home/milena/.emacs.d/.local/etc/lsp/npm/typescript/lib/node_modules/typescript/lib/lib.dom.iterable.d.ts","/home/milena/.emacs.d/.local/etc/lsp/npm/typescript/lib/node_modules/typescript/lib/lib.webworker.importscripts.d.ts","/home/milena/.emacs.d/.local/etc/lsp/npm/typescript/lib/node_modules/typescript/lib/lib.scripthost.d.ts","/home/milena/.emacs.d/.local/etc/lsp/npm/typescript/lib/node_modules/typescript/lib/lib.es2015.core.d.ts","/home/milena/.emacs.d/.local/etc/lsp/npm/typescript/lib/node_modules/typescript/lib/lib.es2015.collection.d.ts","/home/milena/.emacs.d/.local/etc/lsp/npm/typescript/lib/node_modules/typescript/lib/lib.es2015.generator.d.ts","/home/milena/.emacs.d/.local/etc/lsp/npm/typescript/lib/node_modules/typescript/lib/lib.es2015.iterable.d.ts","/home/milena/.emacs.d/.local/etc/lsp/npm/typescript/lib/node_modules/typescript/lib/lib.es2015.promise.d.ts","/home/milena/.emacs.d/.local/etc/lsp/npm/typescript/lib/node_modules/typescript/lib/lib.es2015.proxy.d.ts","/home/milena/.emacs.d/.local/etc/lsp/npm/typescript/lib/node_modules/typescript/lib/lib.es2015.reflect.d.ts","/home/milena/.emacs.d/.local/etc/lsp/npm/typescript/lib/node_modules/typescript/lib/lib.es2015.symbol.d.ts","/home/milena/.emacs.d/.local/etc/lsp/npm/typescript/lib/node_modules/typescript/lib/lib.es2015.symbol.wellknown.d.ts","/home/milena/.emacs.d/.local/etc/lsp/npm/typescript/lib/node_modules/typescript/lib/lib.es2016.array.include.d.ts","/home/milena/.emacs.d/.local/etc/lsp/npm/typescript/lib/node_modules/typescript/lib/lib.es2016.full.d.ts","/home/milena/Dev/js/orgro/src/index.js"],"compilerOptions":{"module":1,"target":3,"jsx":1,"allowJs":true,"allowSyntheticDefaultImports":true,"allowNonTsExtensions":true,"noEmitForJsFiles":true,"maxNodeModuleJsDepth":2},"typeAcquisition":{"enable":true,"include":[],"exclude":[]},"unresolvedImports":[],"projectRootPath":"/home/milena/Dev/js/orgro/src","kind":"discover"}
[00:40:53.202] Loaded safelist from types map file '/home/milena/.emacs.d/.local/etc/lsp/npm/typescript/lib/node_modules/typescript/lib/typesMap.json'
[00:40:53.202] Explicitly included types: []
[00:40:53.203] Inferred typings from unresolved imports: []
[00:40:53.203] Result: {"cachedTypingPaths":[],"newTypingNames":[],"filesToWatch":["/home/milena/Dev/js/orgro/src/bower_components","/home/milena/Dev/js/orgro/src/node_modules"]}
[00:40:53.203] Finished typings discovery: {"cachedTypingPaths":[],"newTypingNames":[],"filesToWatch":["/home/milena/Dev/js/orgro/src/bower_components","/home/milena/Dev/js/orgro/src/node_modules"]}
[00:40:53.203] DirectoryWatcher:: Added:: WatchInfo: /home/milena/Dev/js/orgro/src/bower_components
[00:40:53.203] DirectoryWatcher:: Added:: WatchInfo: /home/milena/Dev/js/orgro/src/bower_components 1 undefined Project: /dev/null/inferredProject1* watcher already invoked: false
[00:40:53.204] Elapsed:: 0.6421139240264893ms DirectoryWatcher:: Added:: WatchInfo: /home/milena/Dev/js/orgro/src/bower_components 1 undefined Project: /dev/null/inferredProject1* watcher already invoked: false
[00:40:53.204] DirectoryWatcher:: Added:: WatchInfo: /home/milena/Dev/js/orgro/src/node_modules
[00:40:53.204] DirectoryWatcher:: Added:: WatchInfo: /home/milena/Dev/js/orgro/src/node_modules 1 undefined Project: /dev/null/inferredProject1* watcher already invoked: false
[00:40:53.204] Elapsed:: 0.09062004089355469ms DirectoryWatcher:: Added:: WatchInfo: /home/milena/Dev/js/orgro/src/node_modules 1 undefined Project: /dev/null/inferredProject1* watcher already invoked: false
[00:40:53.204] Sending response:
    {"projectName":"/dev/null/inferredProject1*","typeAcquisition":{"enable":true,"include":[],"exclude":[]},"compilerOptions":{"module":1,"target":3,"jsx":1,"allowJs":true,"allowSyntheticDefaultImports":true,"allowNonTsExtensions":true,"noEmitForJsFiles":true,"maxNodeModuleJsDepth":2},"typings":[],"unresolvedImports":[],"kind":"action::set"}
[00:40:53.204] Response has been sent.
[00:40:53.204] No new typings were requested as a result of typings discovery
[01:00:21.545] Got install request {"projectName":"/dev/null/inferredProject1*","fileNames":["/home/milena/.emacs.d/.local/etc/lsp/npm/typescript/lib/node_modules/typescript/lib/lib.es5.d.ts","/home/milena/.emacs.d/.local/etc/lsp/npm/typescript/lib/node_modules/typescript/lib/lib.es2015.d.ts","/home/milena/.emacs.d/.local/etc/lsp/npm/typescript/lib/node_modules/typescript/lib/lib.es2016.d.ts","/home/milena/.emacs.d/.local/etc/lsp/npm/typescript/lib/node_modules/typescript/lib/lib.dom.d.ts","/home/milena/.emacs.d/.local/etc/lsp/npm/typescript/lib/node_modules/typescript/lib/lib.dom.iterable.d.ts","/home/milena/.emacs.d/.local/etc/lsp/npm/typescript/lib/node_modules/typescript/lib/lib.webworker.importscripts.d.ts","/home/milena/.emacs.d/.local/etc/lsp/npm/typescript/lib/node_modules/typescript/lib/lib.scripthost.d.ts","/home/milena/.emacs.d/.local/etc/lsp/npm/typescript/lib/node_modules/typescript/lib/lib.es2015.core.d.ts","/home/milena/.emacs.d/.local/etc/lsp/npm/typescript/lib/node_modules/typescript/lib/lib.es2015.collection.d.ts","/home/milena/.emacs.d/.local/etc/lsp/npm/typescript/lib/node_modules/typescript/lib/lib.es2015.generator.d.ts","/home/milena/.emacs.d/.local/etc/lsp/npm/typescript/lib/node_modules/typescript/lib/lib.es2015.iterable.d.ts","/home/milena/.emacs.d/.local/etc/lsp/npm/typescript/lib/node_modules/typescript/lib/lib.es2015.promise.d.ts","/home/milena/.emacs.d/.local/etc/lsp/npm/typescript/lib/node_modules/typescript/lib/lib.es2015.proxy.d.ts","/home/milena/.emacs.d/.local/etc/lsp/npm/typescript/lib/node_modules/typescript/lib/lib.es2015.reflect.d.ts","/home/milena/.emacs.d/.local/etc/lsp/npm/typescript/lib/node_modules/typescript/lib/lib.es2015.symbol.d.ts","/home/milena/.emacs.d/.local/etc/lsp/npm/typescript/lib/node_modules/typescript/lib/lib.es2015.symbol.wellknown.d.ts","/home/milena/.emacs.d/.local/etc/lsp/npm/typescript/lib/node_modules/typescript/lib/lib.es2016.array.include.d.ts","/home/milena/.emacs.d/.local/etc/lsp/npm/typescript/lib/node_modules/typescript/lib/lib.es2016.full.d.ts","/home/milena/Dev/js/orgro/src/index.js"],"compilerOptions":{"module":1,"target":3,"jsx":1,"allowJs":true,"allowSyntheticDefaultImports":true,"allowNonTsExtensions":true,"noEmitForJsFiles":true,"maxNodeModuleJsDepth":2},"typeAcquisition":{"enable":true,"include":[],"exclude":[]},"unresolvedImports":["do"],"projectRootPath":"/home/milena/Dev/js/orgro/src","kind":"discover"}
[01:00:21.545] Explicitly included types: []
[01:00:21.545] Inferred typings from unresolved imports: ["do"]
[01:00:21.545] Result: {"cachedTypingPaths":[],"newTypingNames":["do"],"filesToWatch":["/home/milena/Dev/js/orgro/src/bower_components","/home/milena/Dev/js/orgro/src/node_modules"]}
[01:00:21.545] Finished typings discovery: {"cachedTypingPaths":[],"newTypingNames":["do"],"filesToWatch":["/home/milena/Dev/js/orgro/src/bower_components","/home/milena/Dev/js/orgro/src/node_modules"]}
[01:00:21.546] Installing typings ["do"]
[01:00:21.546] 'do':: Entry for package 'do' does not exist in local types registry - skipping...
[01:00:21.546] All typings are known to be missing or invalid - no need to install more typings
[01:00:21.546] Sending response:
    {"projectName":"/dev/null/inferredProject1*","typeAcquisition":{"enable":true,"include":[],"exclude":[]},"compilerOptions":{"module":1,"target":3,"jsx":1,"allowJs":true,"allowSyntheticDefaultImports":true,"allowNonTsExtensions":true,"noEmitForJsFiles":true,"maxNodeModuleJsDepth":2},"typings":[],"unresolvedImports":["do"],"kind":"action::set"}
[01:00:21.546] Response has been sent.
[01:00:21.573] Got install request {"projectName":"/dev/null/inferredProject1*","fileNames":["/home/milena/.emacs.d/.local/etc/lsp/npm/typescript/lib/node_modules/typescript/lib/lib.es5.d.ts","/home/milena/.emacs.d/.local/etc/lsp/npm/typescript/lib/node_modules/typescript/lib/lib.es2015.d.ts","/home/milena/.emacs.d/.local/etc/lsp/npm/typescript/lib/node_modules/typescript/lib/lib.es2016.d.ts","/home/milena/.emacs.d/.local/etc/lsp/npm/typescript/lib/node_modules/typescript/lib/lib.dom.d.ts","/home/milena/.emacs.d/.local/etc/lsp/npm/typescript/lib/node_modules/typescript/lib/lib.dom.iterable.d.ts","/home/milena/.emacs.d/.local/etc/lsp/npm/typescript/lib/node_modules/typescript/lib/lib.webworker.importscripts.d.ts","/home/milena/.emacs.d/.local/etc/lsp/npm/typescript/lib/node_modules/typescript/lib/lib.scripthost.d.ts","/home/milena/.emacs.d/.local/etc/lsp/npm/typescript/lib/node_modules/typescript/lib/lib.es2015.core.d.ts","/home/milena/.emacs.d/.local/etc/lsp/npm/typescript/lib/node_modules/typescript/lib/lib.es2015.collection.d.ts","/home/milena/.emacs.d/.local/etc/lsp/npm/typescript/lib/node_modules/typescript/lib/lib.es2015.generator.d.ts","/home/milena/.emacs.d/.local/etc/lsp/npm/typescript/lib/node_modules/typescript/lib/lib.es2015.iterable.d.ts","/home/milena/.emacs.d/.local/etc/lsp/npm/typescript/lib/node_modules/typescript/lib/lib.es2015.promise.d.ts","/home/milena/.emacs.d/.local/etc/lsp/npm/typescript/lib/node_modules/typescript/lib/lib.es2015.proxy.d.ts","/home/milena/.emacs.d/.local/etc/lsp/npm/typescript/lib/node_modules/typescript/lib/lib.es2015.reflect.d.ts","/home/milena/.emacs.d/.local/etc/lsp/npm/typescript/lib/node_modules/typescript/lib/lib.es2015.symbol.d.ts","/home/milena/.emacs.d/.local/etc/lsp/npm/typescript/lib/node_modules/typescript/lib/lib.es2015.symbol.wellknown.d.ts","/home/milena/.emacs.d/.local/etc/lsp/npm/typescript/lib/node_modules/typescript/lib/lib.es2016.array.include.d.ts","/home/milena/.emacs.d/.local/etc/lsp/npm/typescript/lib/node_modules/typescript/lib/lib.es2016.full.d.ts","/home/milena/Dev/js/orgro/src/index.js"],"compilerOptions":{"module":1,"target":3,"jsx":1,"allowJs":true,"allowSyntheticDefaultImports":true,"allowNonTsExtensions":true,"noEmitForJsFiles":true,"maxNodeModuleJsDepth":2},"typeAcquisition":{"enable":true,"include":[],"exclude":[]},"unresolvedImports":["dot"],"projectRootPath":"/home/milena/Dev/js/orgro/src","kind":"discover"}
[01:00:21.573] Explicitly included types: []
[01:00:21.573] Inferred typings from unresolved imports: ["dot"]
[01:00:21.573] Result: {"cachedTypingPaths":[],"newTypingNames":["dot"],"filesToWatch":["/home/milena/Dev/js/orgro/src/bower_components","/home/milena/Dev/js/orgro/src/node_modules"]}
[01:00:21.573] Finished typings discovery: {"cachedTypingPaths":[],"newTypingNames":["dot"],"filesToWatch":["/home/milena/Dev/js/orgro/src/bower_components","/home/milena/Dev/js/orgro/src/node_modules"]}
[01:00:21.573] Installing typings ["dot"]
[01:00:21.573] Npm config file: /home/milena/.cache/typescript/4.6/package.json
[01:00:21.574] Sending response:
    {"kind":"event::beginInstallTypes","eventId":1,"typingsInstallerVersion":"4.6.3","projectName":"/dev/null/inferredProject1*"}
[01:00:21.574] Response has been sent.
[01:00:21.574] #1 with arguments'["@types/dot@ts4.6"]'.
[01:00:21.574] Exec: /home/milena/.nvm/versions/node/v16.13.2/bin/npm install --ignore-scripts @types/dot@ts4.6 --save-dev --user-agent="typesInstaller/4.6.3"
[01:00:25.061]     Succeeded. stdout:
    
    added 1 package, and audited 3 packages in 3s

found 0 vulnerabilities

[01:00:25.061] npm install #1 took: 3487 ms
[01:00:25.061] Installed typings ["@types/dot@ts4.6"]
[01:00:25.063] Installed typing files ["/home/milena/.cache/typescript/4.6/node_modules/@types/dot/index.d.ts"]
[01:00:25.064] Sending response:
    {"projectName":"/dev/null/inferredProject1*","typeAcquisition":{"enable":true,"include":[],"exclude":[]},"compilerOptions":{"module":1,"target":3,"jsx":1,"allowJs":true,"allowSyntheticDefaultImports":true,"allowNonTsExtensions":true,"noEmitForJsFiles":true,"maxNodeModuleJsDepth":2},"typings":["/home/milena/.cache/typescript/4.6/node_modules/@types/dot/index.d.ts"],"unresolvedImports":["dot"],"kind":"action::set"}
[01:00:25.064] Response has been sent.
[01:00:25.064] Sending response:
    {"kind":"event::endInstallTypes","eventId":1,"projectName":"/dev/null/inferredProject1*","packagesToInstall":["@types/dot@ts4.6"],"installSuccess":true,"typingsInstallerVersion":"4.6.3"}
[01:00:25.064] Response has been sent.
[01:00:25.064] Got install request {"projectName":"/dev/null/inferredProject1*","fileNames":["/home/milena/.emacs.d/.local/etc/lsp/npm/typescript/lib/node_modules/typescript/lib/lib.es5.d.ts","/home/milena/.emacs.d/.local/etc/lsp/npm/typescript/lib/node_modules/typescript/lib/lib.es2015.d.ts","/home/milena/.emacs.d/.local/etc/lsp/npm/typescript/lib/node_modules/typescript/lib/lib.es2016.d.ts","/home/milena/.emacs.d/.local/etc/lsp/npm/typescript/lib/node_modules/typescript/lib/lib.dom.d.ts","/home/milena/.emacs.d/.local/etc/lsp/npm/typescript/lib/node_modules/typescript/lib/lib.dom.iterable.d.ts","/home/milena/.emacs.d/.local/etc/lsp/npm/typescript/lib/node_modules/typescript/lib/lib.webworker.importscripts.d.ts","/home/milena/.emacs.d/.local/etc/lsp/npm/typescript/lib/node_modules/typescript/lib/lib.scripthost.d.ts","/home/milena/.emacs.d/.local/etc/lsp/npm/typescript/lib/node_modules/typescript/lib/lib.es2015.core.d.ts","/home/milena/.emacs.d/.local/etc/lsp/npm/typescript/lib/node_modules/typescript/lib/lib.es2015.collection.d.ts","/home/milena/.emacs.d/.local/etc/lsp/npm/typescript/lib/node_modules/typescript/lib/lib.es2015.generator.d.ts","/home/milena/.emacs.d/.local/etc/lsp/npm/typescript/lib/node_modules/typescript/lib/lib.es2015.iterable.d.ts","/home/milena/.emacs.d/.local/etc/lsp/npm/typescript/lib/node_modules/typescript/lib/lib.es2015.promise.d.ts","/home/milena/.emacs.d/.local/etc/lsp/npm/typescript/lib/node_modules/typescript/lib/lib.es2015.proxy.d.ts","/home/milena/.emacs.d/.local/etc/lsp/npm/typescript/lib/node_modules/typescript/lib/lib.es2015.reflect.d.ts","/home/milena/.emacs.d/.local/etc/lsp/npm/typescript/lib/node_modules/typescript/lib/lib.es2015.symbol.d.ts","/home/milena/.emacs.d/.local/etc/lsp/npm/typescript/lib/node_modules/typescript/lib/lib.es2015.symbol.wellknown.d.ts","/home/milena/.emacs.d/.local/etc/lsp/npm/typescript/lib/node_modules/typescript/lib/lib.es2016.array.include.d.ts","/home/milena/.emacs.d/.local/etc/lsp/npm/typescript/lib/node_modules/typescript/lib/lib.es2016.full.d.ts","/home/milena/Dev/js/orgro/src/index.js"],"compilerOptions":{"module":1,"target":3,"jsx":1,"allowJs":true,"allowSyntheticDefaultImports":true,"allowNonTsExtensions":true,"noEmitForJsFiles":true,"maxNodeModuleJsDepth":2},"typeAcquisition":{"enable":true,"include":[],"exclude":[]},"unresolvedImports":[],"projectRootPath":"/home/milena/Dev/js/orgro/src","kind":"discover"}
[01:00:25.064] Explicitly included types: []
[01:00:25.064] Inferred typings from unresolved imports: []
[01:00:25.064] Result: {"cachedTypingPaths":[],"newTypingNames":[],"filesToWatch":["/home/milena/Dev/js/orgro/src/bower_components","/home/milena/Dev/js/orgro/src/node_modules"]}
[01:00:25.064] Finished typings discovery: {"cachedTypingPaths":[],"newTypingNames":[],"filesToWatch":["/home/milena/Dev/js/orgro/src/bower_components","/home/milena/Dev/js/orgro/src/node_modules"]}
[01:00:25.064] Sending response:
    {"projectName":"/dev/null/inferredProject1*","typeAcquisition":{"enable":true,"include":[],"exclude":[]},"compilerOptions":{"module":1,"target":3,"jsx":1,"allowJs":true,"allowSyntheticDefaultImports":true,"allowNonTsExtensions":true,"noEmitForJsFiles":true,"maxNodeModuleJsDepth":2},"typings":[],"unresolvedImports":[],"kind":"action::set"}
[01:00:25.064] Response has been sent.
[01:00:25.064] No new typings were requested as a result of typings discovery
[01:00:27.364] Got install request {"projectName":"/dev/null/inferredProject1*","fileNames":["/home/milena/.emacs.d/.local/etc/lsp/npm/typescript/lib/node_modules/typescript/lib/lib.es5.d.ts","/home/milena/.emacs.d/.local/etc/lsp/npm/typescript/lib/node_modules/typescript/lib/lib.es2015.d.ts","/home/milena/.emacs.d/.local/etc/lsp/npm/typescript/lib/node_modules/typescript/lib/lib.es2016.d.ts","/home/milena/.emacs.d/.local/etc/lsp/npm/typescript/lib/node_modules/typescript/lib/lib.dom.d.ts","/home/milena/.emacs.d/.local/etc/lsp/npm/typescript/lib/node_modules/typescript/lib/lib.dom.iterable.d.ts","/home/milena/.emacs.d/.local/etc/lsp/npm/typescript/lib/node_modules/typescript/lib/lib.webworker.importscripts.d.ts","/home/milena/.emacs.d/.local/etc/lsp/npm/typescript/lib/node_modules/typescript/lib/lib.scripthost.d.ts","/home/milena/.emacs.d/.local/etc/lsp/npm/typescript/lib/node_modules/typescript/lib/lib.es2015.core.d.ts","/home/milena/.emacs.d/.local/etc/lsp/npm/typescript/lib/node_modules/typescript/lib/lib.es2015.collection.d.ts","/home/milena/.emacs.d/.local/etc/lsp/npm/typescript/lib/node_modules/typescript/lib/lib.es2015.generator.d.ts","/home/milena/.emacs.d/.local/etc/lsp/npm/typescript/lib/node_modules/typescript/lib/lib.es2015.iterable.d.ts","/home/milena/.emacs.d/.local/etc/lsp/npm/typescript/lib/node_modules/typescript/lib/lib.es2015.promise.d.ts","/home/milena/.emacs.d/.local/etc/lsp/npm/typescript/lib/node_modules/typescript/lib/lib.es2015.proxy.d.ts","/home/milena/.emacs.d/.local/etc/lsp/npm/typescript/lib/node_modules/typescript/lib/lib.es2015.reflect.d.ts","/home/milena/.emacs.d/.local/etc/lsp/npm/typescript/lib/node_modules/typescript/lib/lib.es2015.symbol.d.ts","/home/milena/.emacs.d/.local/etc/lsp/npm/typescript/lib/node_modules/typescript/lib/lib.es2015.symbol.wellknown.d.ts","/home/milena/.emacs.d/.local/etc/lsp/npm/typescript/lib/node_modules/typescript/lib/lib.es2016.array.include.d.ts","/home/milena/.emacs.d/.local/etc/lsp/npm/typescript/lib/node_modules/typescript/lib/lib.es2016.full.d.ts","/home/milena/Dev/js/orgro/src/index.js"],"compilerOptions":{"module":1,"target":3,"jsx":1,"allowJs":true,"allowSyntheticDefaultImports":true,"allowNonTsExtensions":true,"noEmitForJsFiles":true,"maxNodeModuleJsDepth":2},"typeAcquisition":{"enable":true,"include":[],"exclude":[]},"unresolvedImports":[],"projectRootPath":"/home/milena/Dev/js/orgro/src","kind":"discover"}
[01:00:27.364] Explicitly included types: []
[01:00:27.364] Inferred typings from unresolved imports: []
[01:00:27.364] Result: {"cachedTypingPaths":[],"newTypingNames":[],"filesToWatch":["/home/milena/Dev/js/orgro/src/bower_components","/home/milena/Dev/js/orgro/src/node_modules"]}
[01:00:27.364] Finished typings discovery: {"cachedTypingPaths":[],"newTypingNames":[],"filesToWatch":["/home/milena/Dev/js/orgro/src/bower_components","/home/milena/Dev/js/orgro/src/node_modules"]}
[01:00:27.364] Sending response:
    {"projectName":"/dev/null/inferredProject1*","typeAcquisition":{"enable":true,"include":[],"exclude":[]},"compilerOptions":{"module":1,"target":3,"jsx":1,"allowJs":true,"allowSyntheticDefaultImports":true,"allowNonTsExtensions":true,"noEmitForJsFiles":true,"maxNodeModuleJsDepth":2},"typings":[],"unresolvedImports":[],"kind":"action::set"}
[01:00:27.364] Response has been sent.
[01:00:27.364] No new typings were requested as a result of typings discovery
[22:44:57.597] Got install request {"projectName":"/dev/null/inferredProject2*","fileNames":["/home/milena/.emacs.d/.local/etc/lsp/npm/typescript/lib/node_modules/typescript/lib/lib.es5.d.ts","/home/milena/.emacs.d/.local/etc/lsp/npm/typescript/lib/node_modules/typescript/lib/lib.es2015.d.ts","/home/milena/.emacs.d/.local/etc/lsp/npm/typescript/lib/node_modules/typescript/lib/lib.es2016.d.ts","/home/milena/.emacs.d/.local/etc/lsp/npm/typescript/lib/node_modules/typescript/lib/lib.dom.d.ts","/home/milena/.emacs.d/.local/etc/lsp/npm/typescript/lib/node_modules/typescript/lib/lib.dom.iterable.d.ts","/home/milena/.emacs.d/.local/etc/lsp/npm/typescript/lib/node_modules/typescript/lib/lib.webworker.importscripts.d.ts","/home/milena/.emacs.d/.local/etc/lsp/npm/typescript/lib/node_modules/typescript/lib/lib.scripthost.d.ts","/home/milena/.emacs.d/.local/etc/lsp/npm/typescript/lib/node_modules/typescript/lib/lib.es2015.core.d.ts","/home/milena/.emacs.d/.local/etc/lsp/npm/typescript/lib/node_modules/typescript/lib/lib.es2015.collection.d.ts","/home/milena/.emacs.d/.local/etc/lsp/npm/typescript/lib/node_modules/typescript/lib/lib.es2015.generator.d.ts","/home/milena/.emacs.d/.local/etc/lsp/npm/typescript/lib/node_modules/typescript/lib/lib.es2015.iterable.d.ts","/home/milena/.emacs.d/.local/etc/lsp/npm/typescript/lib/node_modules/typescript/lib/lib.es2015.promise.d.ts","/home/milena/.emacs.d/.local/etc/lsp/npm/typescript/lib/node_modules/typescript/lib/lib.es2015.proxy.d.ts","/home/milena/.emacs.d/.local/etc/lsp/npm/typescript/lib/node_modules/typescript/lib/lib.es2015.reflect.d.ts","/home/milena/.emacs.d/.local/etc/lsp/npm/typescript/lib/node_modules/typescript/lib/lib.es2015.symbol.d.ts","/home/milena/.emacs.d/.local/etc/lsp/npm/typescript/lib/node_modules/typescript/lib/lib.es2015.symbol.wellknown.d.ts","/home/milena/.emacs.d/.local/etc/lsp/npm/typescript/lib/node_modules/typescript/lib/lib.es2016.array.include.d.ts","/home/milena/.emacs.d/.local/etc/lsp/npm/typescript/lib/node_modules/typescript/lib/lib.es2016.full.d.ts","/home/milena/Dev/js/orgro/app.js"],"compilerOptions":{"module":1,"target":3,"jsx":1,"allowJs":true,"allowSyntheticDefaultImports":true,"allowNonTsExtensions":true,"noEmitForJsFiles":true,"maxNodeModuleJsDepth":2},"typeAcquisition":{"enable":true,"include":[],"exclude":[]},"unresolvedImports":[],"projectRootPath":"/home/milena/Dev/js/orgro","kind":"discover"}
[22:44:57.597] Explicitly included types: []
[22:44:57.597] Typing names in '/home/milena/Dev/js/orgro/package.json' dependencies: ["dotenv","express","org","@babel/core","@babel/node","@babel/preset-env","nodemon"]
[22:44:57.598] Searching for typing names in /home/milena/Dev/js/orgro/node_modules; all files: ["/home/milena/Dev/js/orgro/node_modules/dotenv/package.json","/home/milena/Dev/js/orgro/node_modules/express/package.json","/home/milena/Dev/js/orgro/node_modules/org/package.json","/home/milena/Dev/js/orgro/node_modules/@babel/core/package.json","/home/milena/Dev/js/orgro/node_modules/@babel/node/package.json","/home/milena/Dev/js/orgro/node_modules/@babel/preset-env/package.json","/home/milena/Dev/js/orgro/node_modules/nodemon/package.json"]
[22:44:57.598]     Package 'dotenv' provides its own types.
[22:44:57.605]     Found package names: ["express","org","@babel/core","@babel/node","@babel/preset-env","nodemon"]
[22:44:57.605] Inferred typings from unresolved imports: []
[22:44:57.605] Result: {"cachedTypingPaths":["/home/milena/Dev/js/orgro/node_modules/dotenv/lib/main.d.ts"],"newTypingNames":["express","org","@babel/core","@babel/node","@babel/preset-env","nodemon"],"filesToWatch":["/home/milena/Dev/js/orgro/bower_components","/home/milena/Dev/js/orgro/package.json","/home/milena/Dev/js/orgro/node_modules"]}
[22:44:57.605] Finished typings discovery: {"cachedTypingPaths":["/home/milena/Dev/js/orgro/node_modules/dotenv/lib/main.d.ts"],"newTypingNames":["express","org","@babel/core","@babel/node","@babel/preset-env","nodemon"],"filesToWatch":["/home/milena/Dev/js/orgro/bower_components","/home/milena/Dev/js/orgro/package.json","/home/milena/Dev/js/orgro/node_modules"]}
[22:44:57.605] DirectoryWatcher:: Added:: WatchInfo: /home/milena/Dev/js/orgro/bower_components
[22:44:57.605] DirectoryWatcher:: Added:: WatchInfo: /home/milena/Dev/js/orgro/bower_components 1 undefined Project: /dev/null/inferredProject2* watcher already invoked: false
[22:44:57.605] Elapsed:: 0.11613798141479492ms DirectoryWatcher:: Added:: WatchInfo: /home/milena/Dev/js/orgro/bower_components 1 undefined Project: /dev/null/inferredProject2* watcher already invoked: false
[22:44:57.605] FileWatcher:: Added:: WatchInfo: /home/milena/Dev/js/orgro/package.json
[22:44:57.605] FileWatcher:: Added:: WatchInfo: /home/milena/Dev/js/orgro/package.json 2000 undefined Project: /dev/null/inferredProject2* watcher already invoked: false
[22:44:57.606] DirectoryWatcher:: Added:: WatchInfo: /home/milena/Dev/js/orgro/node_modules
[22:44:57.606] DirectoryWatcher:: Added:: WatchInfo: /home/milena/Dev/js/orgro/node_modules 1 undefined Project: /dev/null/inferredProject2* watcher already invoked: false
[22:44:57.667] Elapsed:: 60.82067918777466ms DirectoryWatcher:: Added:: WatchInfo: /home/milena/Dev/js/orgro/node_modules 1 undefined Project: /dev/null/inferredProject2* watcher already invoked: false
[22:44:57.667] Installing typings ["express","org","@babel/core","@babel/node","@babel/preset-env","nodemon"]
[22:44:57.667] 'org':: Entry for package 'org' does not exist in local types registry - skipping...
[22:44:57.667] '@babel/node':: Entry for package 'babel__node' does not exist in local types registry - skipping...
[22:44:57.667] Npm config file: /home/milena/.cache/typescript/4.6/package.json
[22:44:57.667] Sending response:
    {"kind":"event::beginInstallTypes","eventId":2,"typingsInstallerVersion":"4.6.3","projectName":"/dev/null/inferredProject2*"}
[22:44:57.667] Response has been sent.
[22:44:57.667] #2 with arguments'["@types/express@ts4.6","@types/babel__core@ts4.6","@types/babel__preset-env@ts4.6","@types/nodemon@ts4.6"]'.
[22:44:57.667] Exec: /home/milena/.nvm/versions/node/v16.13.2/bin/npm install --ignore-scripts @types/express@ts4.6 @types/babel__core@ts4.6 @types/babel__preset-env@ts4.6 @types/nodemon@ts4.6 --save-dev --user-agent="typesInstaller/4.6.3"
[22:45:08.934]     Succeeded. stdout:
    
    added 20 packages, and audited 23 packages in 11s

found 0 vulnerabilities

[22:45:08.934] npm install #2 took: 11267 ms
[22:45:08.934] Installed typings ["@types/express@ts4.6","@types/babel__core@ts4.6","@types/babel__preset-env@ts4.6","@types/nodemon@ts4.6"]
[22:45:08.939] Installed typing files ["/home/milena/.cache/typescript/4.6/node_modules/@types/express/index.d.ts","/home/milena/.cache/typescript/4.6/node_modules/@types/babel__core/index.d.ts","/home/milena/.cache/typescript/4.6/node_modules/@types/babel__preset-env/index.d.ts","/home/milena/.cache/typescript/4.6/node_modules/@types/nodemon/index.d.ts"]
[22:45:08.939] Sending response:
    {"projectName":"/dev/null/inferredProject2*","typeAcquisition":{"enable":true,"include":[],"exclude":[]},"compilerOptions":{"module":1,"target":3,"jsx":1,"allowJs":true,"allowSyntheticDefaultImports":true,"allowNonTsExtensions":true,"noEmitForJsFiles":true,"maxNodeModuleJsDepth":2},"typings":["/home/milena/Dev/js/orgro/node_modules/dotenv/lib/main.d.ts","/home/milena/.cache/typescript/4.6/node_modules/@types/express/index.d.ts","/home/milena/.cache/typescript/4.6/node_modules/@types/babel__core/index.d.ts","/home/milena/.cache/typescript/4.6/node_modules/@types/babel__preset-env/index.d.ts","/home/milena/.cache/typescript/4.6/node_modules/@types/nodemon/index.d.ts"],"unresolvedImports":[],"kind":"action::set"}
[22:45:08.939] Response has been sent.
[22:45:08.939] Sending response:
    {"kind":"event::endInstallTypes","eventId":2,"projectName":"/dev/null/inferredProject2*","packagesToInstall":["@types/express@ts4.6","@types/babel__core@ts4.6","@types/babel__preset-env@ts4.6","@types/nodemon@ts4.6"],"installSuccess":true,"typingsInstallerVersion":"4.6.3"}
[22:45:08.939] Response has been sent.
[22:45:09.845] Got install request {"projectName":"/dev/null/inferredProject2*","fileNames":["/home/milena/.emacs.d/.local/etc/lsp/npm/typescript/lib/node_modules/typescript/lib/lib.es5.d.ts","/home/milena/.emacs.d/.local/etc/lsp/npm/typescript/lib/node_modules/typescript/lib/lib.es2015.d.ts","/home/milena/.emacs.d/.local/etc/lsp/npm/typescript/lib/node_modules/typescript/lib/lib.es2016.d.ts","/home/milena/.emacs.d/.local/etc/lsp/npm/typescript/lib/node_modules/typescript/lib/lib.dom.d.ts","/home/milena/.emacs.d/.local/etc/lsp/npm/typescript/lib/node_modules/typescript/lib/lib.dom.iterable.d.ts","/home/milena/.emacs.d/.local/etc/lsp/npm/typescript/lib/node_modules/typescript/lib/lib.webworker.importscripts.d.ts","/home/milena/.emacs.d/.local/etc/lsp/npm/typescript/lib/node_modules/typescript/lib/lib.scripthost.d.ts","/home/milena/.emacs.d/.local/etc/lsp/npm/typescript/lib/node_modules/typescript/lib/lib.es2015.core.d.ts","/home/milena/.emacs.d/.local/etc/lsp/npm/typescript/lib/node_modules/typescript/lib/lib.es2015.collection.d.ts","/home/milena/.emacs.d/.local/etc/lsp/npm/typescript/lib/node_modules/typescript/lib/lib.es2015.generator.d.ts","/home/milena/.emacs.d/.local/etc/lsp/npm/typescript/lib/node_modules/typescript/lib/lib.es2015.iterable.d.ts","/home/milena/.emacs.d/.local/etc/lsp/npm/typescript/lib/node_modules/typescript/lib/lib.es2015.promise.d.ts","/home/milena/.emacs.d/.local/etc/lsp/npm/typescript/lib/node_modules/typescript/lib/lib.es2015.proxy.d.ts","/home/milena/.emacs.d/.local/etc/lsp/npm/typescript/lib/node_modules/typescript/lib/lib.es2015.reflect.d.ts","/home/milena/.emacs.d/.local/etc/lsp/npm/typescript/lib/node_modules/typescript/lib/lib.es2015.symbol.d.ts","/home/milena/.emacs.d/.local/etc/lsp/npm/typescript/lib/node_modules/typescript/lib/lib.es2015.symbol.wellknown.d.ts","/home/milena/.emacs.d/.local/etc/lsp/npm/typescript/lib/node_modules/typescript/lib/lib.es2016.array.include.d.ts","/home/milena/.emacs.d/.local/etc/lsp/npm/typescript/lib/node_modules/typescript/lib/lib.es2016.full.d.ts","/home/milena/Dev/js/orgro/app.js","/home/milena/.cache/typescript/4.6/node_modules/@types/babel__core/index.d.ts","/home/milena/.cache/typescript/4.6/node_modules/@types/babel__preset-env/index.d.ts","/home/milena/.cache/typescript/4.6/node_modules/@types/express/index.d.ts","/home/milena/.cache/typescript/4.6/node_modules/@types/nodemon/index.d.ts","/home/milena/Dev/js/orgro/node_modules/dotenv/lib/main.d.ts"],"compilerOptions":{"module":1,"target":3,"jsx":1,"allowJs":true,"allowSyntheticDefaultImports":true,"allowNonTsExtensions":true,"noEmitForJsFiles":true,"maxNodeModuleJsDepth":2},"typeAcquisition":{"enable":true,"include":[],"exclude":[]},"unresolvedImports":[],"projectRootPath":"/home/milena/Dev/js/orgro","kind":"discover"}
[22:45:09.845] Explicitly included types: []
[22:45:09.845] Typing names in '/home/milena/Dev/js/orgro/package.json' dependencies: ["dotenv","express","org","@babel/core","@babel/node","@babel/preset-env","nodemon"]
[22:45:09.845] Searching for typing names in /home/milena/Dev/js/orgro/node_modules; all files: ["/home/milena/Dev/js/orgro/node_modules/dotenv/package.json","/home/milena/Dev/js/orgro/node_modules/express/package.json","/home/milena/Dev/js/orgro/node_modules/org/package.json","/home/milena/Dev/js/orgro/node_modules/@babel/core/package.json","/home/milena/Dev/js/orgro/node_modules/@babel/node/package.json","/home/milena/Dev/js/orgro/node_modules/@babel/preset-env/package.json","/home/milena/Dev/js/orgro/node_modules/nodemon/package.json"]
[22:45:09.846]     Package 'dotenv' provides its own types.
[22:45:09.850]     Found package names: ["express","org","@babel/core","@babel/node","@babel/preset-env","nodemon"]
[22:45:09.851] Inferred typings from unresolved imports: []
[22:45:09.851] Result: {"cachedTypingPaths":["/home/milena/Dev/js/orgro/node_modules/dotenv/lib/main.d.ts","/home/milena/.cache/typescript/4.6/node_modules/@types/express/index.d.ts","/home/milena/.cache/typescript/4.6/node_modules/@types/nodemon/index.d.ts"],"newTypingNames":["org","@babel/core","@babel/node","@babel/preset-env"],"filesToWatch":["/home/milena/Dev/js/orgro/bower_components","/home/milena/Dev/js/orgro/package.json","/home/milena/Dev/js/orgro/node_modules"]}
[22:45:09.851] Finished typings discovery: {"cachedTypingPaths":["/home/milena/Dev/js/orgro/node_modules/dotenv/lib/main.d.ts","/home/milena/.cache/typescript/4.6/node_modules/@types/express/index.d.ts","/home/milena/.cache/typescript/4.6/node_modules/@types/nodemon/index.d.ts"],"newTypingNames":["org","@babel/core","@babel/node","@babel/preset-env"],"filesToWatch":["/home/milena/Dev/js/orgro/bower_components","/home/milena/Dev/js/orgro/package.json","/home/milena/Dev/js/orgro/node_modules"]}
[22:45:09.851] Installing typings ["org","@babel/core","@babel/node","@babel/preset-env"]
[22:45:09.851] 'org':: Entry for package 'org' does not exist in local types registry - skipping...
[22:45:09.851] '@babel/core':: 'babel__core' already has an up-to-date typing - skipping...
[22:45:09.851] '@babel/node':: Entry for package 'babel__node' does not exist in local types registry - skipping...
[22:45:09.851] '@babel/preset-env':: 'babel__preset-env' already has an up-to-date typing - skipping...
[22:45:09.851] All typings are known to be missing or invalid - no need to install more typings
[22:45:09.851] Sending response:
    {"projectName":"/dev/null/inferredProject2*","typeAcquisition":{"enable":true,"include":[],"exclude":[]},"compilerOptions":{"module":1,"target":3,"jsx":1,"allowJs":true,"allowSyntheticDefaultImports":true,"allowNonTsExtensions":true,"noEmitForJsFiles":true,"maxNodeModuleJsDepth":2},"typings":["/home/milena/Dev/js/orgro/node_modules/dotenv/lib/main.d.ts","/home/milena/.cache/typescript/4.6/node_modules/@types/express/index.d.ts","/home/milena/.cache/typescript/4.6/node_modules/@types/nodemon/index.d.ts"],"unresolvedImports":[],"kind":"action::set"}
[22:45:09.851] Response has been sent.
[22:45:10.238] Got install request {"projectName":"/dev/null/inferredProject2*","fileNames":["/home/milena/.emacs.d/.local/etc/lsp/npm/typescript/lib/node_modules/typescript/lib/lib.es5.d.ts","/home/milena/.emacs.d/.local/etc/lsp/npm/typescript/lib/node_modules/typescript/lib/lib.es2015.d.ts","/home/milena/.emacs.d/.local/etc/lsp/npm/typescript/lib/node_modules/typescript/lib/lib.es2016.d.ts","/home/milena/.emacs.d/.local/etc/lsp/npm/typescript/lib/node_modules/typescript/lib/lib.dom.d.ts","/home/milena/.emacs.d/.local/etc/lsp/npm/typescript/lib/node_modules/typescript/lib/lib.dom.iterable.d.ts","/home/milena/.emacs.d/.local/etc/lsp/npm/typescript/lib/node_modules/typescript/lib/lib.webworker.importscripts.d.ts","/home/milena/.emacs.d/.local/etc/lsp/npm/typescript/lib/node_modules/typescript/lib/lib.scripthost.d.ts","/home/milena/.emacs.d/.local/etc/lsp/npm/typescript/lib/node_modules/typescript/lib/lib.es2015.core.d.ts","/home/milena/.emacs.d/.local/etc/lsp/npm/typescript/lib/node_modules/typescript/lib/lib.es2015.collection.d.ts","/home/milena/.emacs.d/.local/etc/lsp/npm/typescript/lib/node_modules/typescript/lib/lib.es2015.generator.d.ts","/home/milena/.emacs.d/.local/etc/lsp/npm/typescript/lib/node_modules/typescript/lib/lib.es2015.iterable.d.ts","/home/milena/.emacs.d/.local/etc/lsp/npm/typescript/lib/node_modules/typescript/lib/lib.es2015.promise.d.ts","/home/milena/.emacs.d/.local/etc/lsp/npm/typescript/lib/node_modules/typescript/lib/lib.es2015.proxy.d.ts","/home/milena/.emacs.d/.local/etc/lsp/npm/typescript/lib/node_modules/typescript/lib/lib.es2015.reflect.d.ts","/home/milena/.emacs.d/.local/etc/lsp/npm/typescript/lib/node_modules/typescript/lib/lib.es2015.symbol.d.ts","/home/milena/.emacs.d/.local/etc/lsp/npm/typescript/lib/node_modules/typescript/lib/lib.es2015.symbol.wellknown.d.ts","/home/milena/.emacs.d/.local/etc/lsp/npm/typescript/lib/node_modules/typescript/lib/lib.es2016.array.include.d.ts","/home/milena/.emacs.d/.local/etc/lsp/npm/typescript/lib/node_modules/typescript/lib/lib.es2016.full.d.ts","/home/milena/Dev/js/orgro/app.js","/home/milena/.cache/typescript/4.6/node_modules/@types/express/index.d.ts","/home/milena/.cache/typescript/4.6/node_modules/@types/nodemon/index.d.ts","/home/milena/Dev/js/orgro/node_modules/dotenv/lib/main.d.ts"],"compilerOptions":{"module":1,"target":3,"jsx":1,"allowJs":true,"allowSyntheticDefaultImports":true,"allowNonTsExtensions":true,"noEmitForJsFiles":true,"maxNodeModuleJsDepth":2},"typeAcquisition":{"enable":true,"include":[],"exclude":[]},"unresolvedImports":[],"projectRootPath":"/home/milena/Dev/js/orgro","kind":"discover"}
[22:45:10.238] Explicitly included types: []
[22:45:10.239] Typing names in '/home/milena/Dev/js/orgro/package.json' dependencies: ["dotenv","express","org","@babel/core","@babel/node","@babel/preset-env","nodemon"]
[22:45:10.239] Searching for typing names in /home/milena/Dev/js/orgro/node_modules; all files: ["/home/milena/Dev/js/orgro/node_modules/dotenv/package.json","/home/milena/Dev/js/orgro/node_modules/express/package.json","/home/milena/Dev/js/orgro/node_modules/org/package.json","/home/milena/Dev/js/orgro/node_modules/@babel/core/package.json","/home/milena/Dev/js/orgro/node_modules/@babel/node/package.json","/home/milena/Dev/js/orgro/node_modules/@babel/preset-env/package.json","/home/milena/Dev/js/orgro/node_modules/nodemon/package.json"]
[22:45:10.240]     Package 'dotenv' provides its own types.
[22:45:10.248]     Found package names: ["express","org","@babel/core","@babel/node","@babel/preset-env","nodemon"]
[22:45:10.249] Inferred typings from unresolved imports: []
[22:45:10.249] Result: {"cachedTypingPaths":["/home/milena/Dev/js/orgro/node_modules/dotenv/lib/main.d.ts","/home/milena/.cache/typescript/4.6/node_modules/@types/express/index.d.ts","/home/milena/.cache/typescript/4.6/node_modules/@types/nodemon/index.d.ts"],"newTypingNames":["org","@babel/core","@babel/node","@babel/preset-env"],"filesToWatch":["/home/milena/Dev/js/orgro/bower_components","/home/milena/Dev/js/orgro/package.json","/home/milena/Dev/js/orgro/node_modules"]}
[22:45:10.249] Finished typings discovery: {"cachedTypingPaths":["/home/milena/Dev/js/orgro/node_modules/dotenv/lib/main.d.ts","/home/milena/.cache/typescript/4.6/node_modules/@types/express/index.d.ts","/home/milena/.cache/typescript/4.6/node_modules/@types/nodemon/index.d.ts"],"newTypingNames":["org","@babel/core","@babel/node","@babel/preset-env"],"filesToWatch":["/home/milena/Dev/js/orgro/bower_components","/home/milena/Dev/js/orgro/package.json","/home/milena/Dev/js/orgro/node_modules"]}
[22:45:10.249] Installing typings ["org","@babel/core","@babel/node","@babel/preset-env"]
[22:45:10.249] 'org':: Entry for package 'org' does not exist in local types registry - skipping...
[22:45:10.249] '@babel/core':: 'babel__core' already has an up-to-date typing - skipping...
[22:45:10.249] '@babel/node':: Entry for package 'babel__node' does not exist in local types registry - skipping...
[22:45:10.249] '@babel/preset-env':: 'babel__preset-env' already has an up-to-date typing - skipping...
[22:45:10.249] All typings are known to be missing or invalid - no need to install more typings
[22:45:10.249] Sending response:
    {"projectName":"/dev/null/inferredProject2*","typeAcquisition":{"enable":true,"include":[],"exclude":[]},"compilerOptions":{"module":1,"target":3,"jsx":1,"allowJs":true,"allowSyntheticDefaultImports":true,"allowNonTsExtensions":true,"noEmitForJsFiles":true,"maxNodeModuleJsDepth":2},"typings":["/home/milena/Dev/js/orgro/node_modules/dotenv/lib/main.d.ts","/home/milena/.cache/typescript/4.6/node_modules/@types/express/index.d.ts","/home/milena/.cache/typescript/4.6/node_modules/@types/nodemon/index.d.ts"],"unresolvedImports":[],"kind":"action::set"}
[22:45:10.249] Response has been sent.
[22:45:24.815] Got install request {"projectName":"/dev/null/inferredProject3*","fileNames":["/home/milena/.emacs.d/.local/etc/lsp/npm/typescript/lib/node_modules/typescript/lib/lib.es5.d.ts","/home/milena/.emacs.d/.local/etc/lsp/npm/typescript/lib/node_modules/typescript/lib/lib.es2015.d.ts","/home/milena/.emacs.d/.local/etc/lsp/npm/typescript/lib/node_modules/typescript/lib/lib.es2016.d.ts","/home/milena/.emacs.d/.local/etc/lsp/npm/typescript/lib/node_modules/typescript/lib/lib.dom.d.ts","/home/milena/.emacs.d/.local/etc/lsp/npm/typescript/lib/node_modules/typescript/lib/lib.dom.iterable.d.ts","/home/milena/.emacs.d/.local/etc/lsp/npm/typescript/lib/node_modules/typescript/lib/lib.webworker.importscripts.d.ts","/home/milena/.emacs.d/.local/etc/lsp/npm/typescript/lib/node_modules/typescript/lib/lib.scripthost.d.ts","/home/milena/.emacs.d/.local/etc/lsp/npm/typescript/lib/node_modules/typescript/lib/lib.es2015.core.d.ts","/home/milena/.emacs.d/.local/etc/lsp/npm/typescript/lib/node_modules/typescript/lib/lib.es2015.collection.d.ts","/home/milena/.emacs.d/.local/etc/lsp/npm/typescript/lib/node_modules/typescript/lib/lib.es2015.generator.d.ts","/home/milena/.emacs.d/.local/etc/lsp/npm/typescript/lib/node_modules/typescript/lib/lib.es2015.iterable.d.ts","/home/milena/.emacs.d/.local/etc/lsp/npm/typescript/lib/node_modules/typescript/lib/lib.es2015.promise.d.ts","/home/milena/.emacs.d/.local/etc/lsp/npm/typescript/lib/node_modules/typescript/lib/lib.es2015.proxy.d.ts","/home/milena/.emacs.d/.local/etc/lsp/npm/typescript/lib/node_modules/typescript/lib/lib.es2015.reflect.d.ts","/home/milena/.emacs.d/.local/etc/lsp/npm/typescript/lib/node_modules/typescript/lib/lib.es2015.symbol.d.ts","/home/milena/.emacs.d/.local/etc/lsp/npm/typescript/lib/node_modules/typescript/lib/lib.es2015.symbol.wellknown.d.ts","/home/milena/.emacs.d/.local/etc/lsp/npm/typescript/lib/node_modules/typescript/lib/lib.es2016.array.include.d.ts","/home/milena/.emacs.d/.local/etc/lsp/npm/typescript/lib/node_modules/typescript/lib/lib.es2016.full.d.ts","/home/milena/Dev/js/orgro/routes/index.js"],"compilerOptions":{"module":1,"target":3,"jsx":1,"allowJs":true,"allowSyntheticDefaultImports":true,"allowNonTsExtensions":true,"noEmitForJsFiles":true,"maxNodeModuleJsDepth":2},"typeAcquisition":{"enable":true,"include":[],"exclude":[]},"unresolvedImports":[],"projectRootPath":"/home/milena/Dev/js/orgro/routes","kind":"discover"}
[22:45:24.815] Explicitly included types: []
[22:45:24.815] Inferred typings from unresolved imports: []
[22:45:24.815] Result: {"cachedTypingPaths":[],"newTypingNames":[],"filesToWatch":["/home/milena/Dev/js/orgro/routes/bower_components","/home/milena/Dev/js/orgro/routes/node_modules"]}
[22:45:24.816] Finished typings discovery: {"cachedTypingPaths":[],"newTypingNames":[],"filesToWatch":["/home/milena/Dev/js/orgro/routes/bower_components","/home/milena/Dev/js/orgro/routes/node_modules"]}
[22:45:24.816] DirectoryWatcher:: Added:: WatchInfo: /home/milena/Dev/js/orgro/routes/bower_components
[22:45:24.816] DirectoryWatcher:: Added:: WatchInfo: /home/milena/Dev/js/orgro/routes/bower_components 1 undefined Project: /dev/null/inferredProject3* watcher already invoked: false
[22:45:24.816] Elapsed:: 0.13353991508483887ms DirectoryWatcher:: Added:: WatchInfo: /home/milena/Dev/js/orgro/routes/bower_components 1 undefined Project: /dev/null/inferredProject3* watcher already invoked: false
[22:45:24.816] DirectoryWatcher:: Added:: WatchInfo: /home/milena/Dev/js/orgro/routes/node_modules
[22:45:24.816] DirectoryWatcher:: Added:: WatchInfo: /home/milena/Dev/js/orgro/routes/node_modules 1 undefined Project: /dev/null/inferredProject3* watcher already invoked: false
[22:45:24.816] Elapsed:: 0.06637406349182129ms DirectoryWatcher:: Added:: WatchInfo: /home/milena/Dev/js/orgro/routes/node_modules 1 undefined Project: /dev/null/inferredProject3* watcher already invoked: false
[22:45:24.816] Sending response:
    {"projectName":"/dev/null/inferredProject3*","typeAcquisition":{"enable":true,"include":[],"exclude":[]},"compilerOptions":{"module":1,"target":3,"jsx":1,"allowJs":true,"allowSyntheticDefaultImports":true,"allowNonTsExtensions":true,"noEmitForJsFiles":true,"maxNodeModuleJsDepth":2},"typings":[],"unresolvedImports":[],"kind":"action::set"}
[22:45:24.816] Response has been sent.
[22:45:24.816] No new typings were requested as a result of typings discovery
[22:45:31.727] Got install request {"projectName":"/dev/null/inferredProject4*","fileNames":["/home/milena/.emacs.d/.local/etc/lsp/npm/typescript/lib/node_modules/typescript/lib/lib.es5.d.ts","/home/milena/.emacs.d/.local/etc/lsp/npm/typescript/lib/node_modules/typescript/lib/lib.es2015.d.ts","/home/milena/.emacs.d/.local/etc/lsp/npm/typescript/lib/node_modules/typescript/lib/lib.es2016.d.ts","/home/milena/.emacs.d/.local/etc/lsp/npm/typescript/lib/node_modules/typescript/lib/lib.dom.d.ts","/home/milena/.emacs.d/.local/etc/lsp/npm/typescript/lib/node_modules/typescript/lib/lib.dom.iterable.d.ts","/home/milena/.emacs.d/.local/etc/lsp/npm/typescript/lib/node_modules/typescript/lib/lib.webworker.importscripts.d.ts","/home/milena/.emacs.d/.local/etc/lsp/npm/typescript/lib/node_modules/typescript/lib/lib.scripthost.d.ts","/home/milena/.emacs.d/.local/etc/lsp/npm/typescript/lib/node_modules/typescript/lib/lib.es2015.core.d.ts","/home/milena/.emacs.d/.local/etc/lsp/npm/typescript/lib/node_modules/typescript/lib/lib.es2015.collection.d.ts","/home/milena/.emacs.d/.local/etc/lsp/npm/typescript/lib/node_modules/typescript/lib/lib.es2015.generator.d.ts","/home/milena/.emacs.d/.local/etc/lsp/npm/typescript/lib/node_modules/typescript/lib/lib.es2015.iterable.d.ts","/home/milena/.emacs.d/.local/etc/lsp/npm/typescript/lib/node_modules/typescript/lib/lib.es2015.promise.d.ts","/home/milena/.emacs.d/.local/etc/lsp/npm/typescript/lib/node_modules/typescript/lib/lib.es2015.proxy.d.ts","/home/milena/.emacs.d/.local/etc/lsp/npm/typescript/lib/node_modules/typescript/lib/lib.es2015.reflect.d.ts","/home/milena/.emacs.d/.local/etc/lsp/npm/typescript/lib/node_modules/typescript/lib/lib.es2015.symbol.d.ts","/home/milena/.emacs.d/.local/etc/lsp/npm/typescript/lib/node_modules/typescript/lib/lib.es2015.symbol.wellknown.d.ts","/home/milena/.emacs.d/.local/etc/lsp/npm/typescript/lib/node_modules/typescript/lib/lib.es2016.array.include.d.ts","/home/milena/.emacs.d/.local/etc/lsp/npm/typescript/lib/node_modules/typescript/lib/lib.es2016.full.d.ts","/home/milena/Dev/js/orgro/routes/users.js"],"compilerOptions":{"module":1,"target":3,"jsx":1,"allowJs":true,"allowSyntheticDefaultImports":true,"allowNonTsExtensions":true,"noEmitForJsFiles":true,"maxNodeModuleJsDepth":2},"typeAcquisition":{"enable":true,"include":[],"exclude":[]},"unresolvedImports":[],"projectRootPath":"/home/milena/Dev/js/orgro/routes","kind":"discover"}
[22:45:31.727] Explicitly included types: []
[22:45:31.727] Inferred typings from unresolved imports: []
[22:45:31.727] Result: {"cachedTypingPaths":[],"newTypingNames":[],"filesToWatch":["/home/milena/Dev/js/orgro/routes/bower_components","/home/milena/Dev/js/orgro/routes/node_modules"]}
[22:45:31.727] Finished typings discovery: {"cachedTypingPaths":[],"newTypingNames":[],"filesToWatch":["/home/milena/Dev/js/orgro/routes/bower_components","/home/milena/Dev/js/orgro/routes/node_modules"]}
[22:45:31.728] DirectoryWatcher:: Added:: WatchInfo: /home/milena/Dev/js/orgro/routes/bower_components
[22:45:31.728] DirectoryWatcher:: Added:: WatchInfo: /home/milena/Dev/js/orgro/routes/bower_components 1 undefined Project: /dev/null/inferredProject4* watcher already invoked: false
[22:45:31.728] Elapsed:: 0.022152185440063477ms DirectoryWatcher:: Added:: WatchInfo: /home/milena/Dev/js/orgro/routes/bower_components 1 undefined Project: /dev/null/inferredProject4* watcher already invoked: false
[22:45:31.728] DirectoryWatcher:: Added:: WatchInfo: /home/milena/Dev/js/orgro/routes/node_modules
[22:45:31.728] DirectoryWatcher:: Added:: WatchInfo: /home/milena/Dev/js/orgro/routes/node_modules 1 undefined Project: /dev/null/inferredProject4* watcher already invoked: false
[22:45:31.728] Elapsed:: 0.008204936981201172ms DirectoryWatcher:: Added:: WatchInfo: /home/milena/Dev/js/orgro/routes/node_modules 1 undefined Project: /dev/null/inferredProject4* watcher already invoked: false
[22:45:31.728] Sending response:
    {"projectName":"/dev/null/inferredProject4*","typeAcquisition":{"enable":true,"include":[],"exclude":[]},"compilerOptions":{"module":1,"target":3,"jsx":1,"allowJs":true,"allowSyntheticDefaultImports":true,"allowNonTsExtensions":true,"noEmitForJsFiles":true,"maxNodeModuleJsDepth":2},"typings":[],"unresolvedImports":[],"kind":"action::set"}
[22:45:31.728] Response has been sent.
[22:45:31.728] No new typings were requested as a result of typings discovery
[22:46:15.917] Got install request {"projectName":"/dev/null/inferredProject5*","fileNames":["/home/milena/.emacs.d/.local/etc/lsp/npm/typescript/lib/node_modules/typescript/lib/lib.es5.d.ts","/home/milena/.emacs.d/.local/etc/lsp/npm/typescript/lib/node_modules/typescript/lib/lib.es2015.d.ts","/home/milena/.emacs.d/.local/etc/lsp/npm/typescript/lib/node_modules/typescript/lib/lib.es2016.d.ts","/home/milena/.emacs.d/.local/etc/lsp/npm/typescript/lib/node_modules/typescript/lib/lib.dom.d.ts","/home/milena/.emacs.d/.local/etc/lsp/npm/typescript/lib/node_modules/typescript/lib/lib.dom.iterable.d.ts","/home/milena/.emacs.d/.local/etc/lsp/npm/typescript/lib/node_modules/typescript/lib/lib.webworker.importscripts.d.ts","/home/milena/.emacs.d/.local/etc/lsp/npm/typescript/lib/node_modules/typescript/lib/lib.scripthost.d.ts","/home/milena/.emacs.d/.local/etc/lsp/npm/typescript/lib/node_modules/typescript/lib/lib.es2015.core.d.ts","/home/milena/.emacs.d/.local/etc/lsp/npm/typescript/lib/node_modules/typescript/lib/lib.es2015.collection.d.ts","/home/milena/.emacs.d/.local/etc/lsp/npm/typescript/lib/node_modules/typescript/lib/lib.es2015.generator.d.ts","/home/milena/.emacs.d/.local/etc/lsp/npm/typescript/lib/node_modules/typescript/lib/lib.es2015.iterable.d.ts","/home/milena/.emacs.d/.local/etc/lsp/npm/typescript/lib/node_modules/typescript/lib/lib.es2015.promise.d.ts","/home/milena/.emacs.d/.local/etc/lsp/npm/typescript/lib/node_modules/typescript/lib/lib.es2015.proxy.d.ts","/home/milena/.emacs.d/.local/etc/lsp/npm/typescript/lib/node_modules/typescript/lib/lib.es2015.reflect.d.ts","/home/milena/.emacs.d/.local/etc/lsp/npm/typescript/lib/node_modules/typescript/lib/lib.es2015.symbol.d.ts","/home/milena/.emacs.d/.local/etc/lsp/npm/typescript/lib/node_modules/typescript/lib/lib.es2015.symbol.wellknown.d.ts","/home/milena/.emacs.d/.local/etc/lsp/npm/typescript/lib/node_modules/typescript/lib/lib.es2016.array.include.d.ts","/home/milena/.emacs.d/.local/etc/lsp/npm/typescript/lib/node_modules/typescript/lib/lib.es2016.full.d.ts","/home/milena/Dev/js/orgro/routes/authentication.js"],"compilerOptions":{"module":1,"target":3,"jsx":1,"allowJs":true,"allowSyntheticDefaultImports":true,"allowNonTsExtensions":true,"noEmitForJsFiles":true,"maxNodeModuleJsDepth":2},"typeAcquisition":{"enable":true,"include":[],"exclude":[]},"unresolvedImports":[],"projectRootPath":"/home/milena/Dev/js/orgro/routes","kind":"discover"}
[22:46:15.917] Explicitly included types: []
[22:46:15.917] Inferred typings from unresolved imports: []
[22:46:15.917] Result: {"cachedTypingPaths":[],"newTypingNames":[],"filesToWatch":["/home/milena/Dev/js/orgro/routes/bower_components","/home/milena/Dev/js/orgro/routes/node_modules"]}
[22:46:15.917] Finished typings discovery: {"cachedTypingPaths":[],"newTypingNames":[],"filesToWatch":["/home/milena/Dev/js/orgro/routes/bower_components","/home/milena/Dev/js/orgro/routes/node_modules"]}
[22:46:15.917] DirectoryWatcher:: Added:: WatchInfo: /home/milena/Dev/js/orgro/routes/bower_components
[22:46:15.917] DirectoryWatcher:: Added:: WatchInfo: /home/milena/Dev/js/orgro/routes/bower_components 1 undefined Project: /dev/null/inferredProject5* watcher already invoked: false
[22:46:15.917] Elapsed:: 0.022291898727416992ms DirectoryWatcher:: Added:: WatchInfo: /home/milena/Dev/js/orgro/routes/bower_components 1 undefined Project: /dev/null/inferredProject5* watcher already invoked: false
[22:46:15.918] DirectoryWatcher:: Added:: WatchInfo: /home/milena/Dev/js/orgro/routes/node_modules
[22:46:15.918] DirectoryWatcher:: Added:: WatchInfo: /home/milena/Dev/js/orgro/routes/node_modules 1 undefined Project: /dev/null/inferredProject5* watcher already invoked: false
[22:46:15.918] Elapsed:: 0.011060953140258789ms DirectoryWatcher:: Added:: WatchInfo: /home/milena/Dev/js/orgro/routes/node_modules 1 undefined Project: /dev/null/inferredProject5* watcher already invoked: false
[22:46:15.918] Sending response:
    {"projectName":"/dev/null/inferredProject5*","typeAcquisition":{"enable":true,"include":[],"exclude":[]},"compilerOptions":{"module":1,"target":3,"jsx":1,"allowJs":true,"allowSyntheticDefaultImports":true,"allowNonTsExtensions":true,"noEmitForJsFiles":true,"maxNodeModuleJsDepth":2},"typings":[],"unresolvedImports":[],"kind":"action::set"}
[22:46:15.918] Response has been sent.
[22:46:15.918] No new typings were requested as a result of typings discovery
[22:47:27.717] Got install request {"projectName":"/dev/null/inferredProject5*","fileNames":["/home/milena/.emacs.d/.local/etc/lsp/npm/typescript/lib/node_modules/typescript/lib/lib.es5.d.ts","/home/milena/.emacs.d/.local/etc/lsp/npm/typescript/lib/node_modules/typescript/lib/lib.es2015.d.ts","/home/milena/.emacs.d/.local/etc/lsp/npm/typescript/lib/node_modules/typescript/lib/lib.es2016.d.ts","/home/milena/.emacs.d/.local/etc/lsp/npm/typescript/lib/node_modules/typescript/lib/lib.dom.d.ts","/home/milena/.emacs.d/.local/etc/lsp/npm/typescript/lib/node_modules/typescript/lib/lib.dom.iterable.d.ts","/home/milena/.emacs.d/.local/etc/lsp/npm/typescript/lib/node_modules/typescript/lib/lib.webworker.importscripts.d.ts","/home/milena/.emacs.d/.local/etc/lsp/npm/typescript/lib/node_modules/typescript/lib/lib.scripthost.d.ts","/home/milena/.emacs.d/.local/etc/lsp/npm/typescript/lib/node_modules/typescript/lib/lib.es2015.core.d.ts","/home/milena/.emacs.d/.local/etc/lsp/npm/typescript/lib/node_modules/typescript/lib/lib.es2015.collection.d.ts","/home/milena/.emacs.d/.local/etc/lsp/npm/typescript/lib/node_modules/typescript/lib/lib.es2015.generator.d.ts","/home/milena/.emacs.d/.local/etc/lsp/npm/typescript/lib/node_modules/typescript/lib/lib.es2015.iterable.d.ts","/home/milena/.emacs.d/.local/etc/lsp/npm/typescript/lib/node_modules/typescript/lib/lib.es2015.promise.d.ts","/home/milena/.emacs.d/.local/etc/lsp/npm/typescript/lib/node_modules/typescript/lib/lib.es2015.proxy.d.ts","/home/milena/.emacs.d/.local/etc/lsp/npm/typescript/lib/node_modules/typescript/lib/lib.es2015.reflect.d.ts","/home/milena/.emacs.d/.local/etc/lsp/npm/typescript/lib/node_modules/typescript/lib/lib.es2015.symbol.d.ts","/home/milena/.emacs.d/.local/etc/lsp/npm/typescript/lib/node_modules/typescript/lib/lib.es2015.symbol.wellknown.d.ts","/home/milena/.emacs.d/.local/etc/lsp/npm/typescript/lib/node_modules/typescript/lib/lib.es2016.array.include.d.ts","/home/milena/.emacs.d/.local/etc/lsp/npm/typescript/lib/node_modules/typescript/lib/lib.es2016.full.d.ts","/home/milena/Dev/js/orgro/routes/authentication.js"],"compilerOptions":{"module":1,"target":3,"jsx":1,"allowJs":true,"allowSyntheticDefaultImports":true,"allowNonTsExtensions":true,"noEmitForJsFiles":true,"maxNodeModuleJsDepth":2},"typeAcquisition":{"enable":true,"include":[],"exclude":[]},"unresolvedImports":[""],"projectRootPath":"/home/milena/Dev/js/orgro/routes","kind":"discover"}
[22:47:27.717] Explicitly included types: []
[22:47:27.717] Inferred typings from unresolved imports: [""]
[22:47:27.717] Result: {"cachedTypingPaths":[],"newTypingNames":[""],"filesToWatch":["/home/milena/Dev/js/orgro/routes/bower_components","/home/milena/Dev/js/orgro/routes/node_modules"]}
[22:47:27.717] Finished typings discovery: {"cachedTypingPaths":[],"newTypingNames":[""],"filesToWatch":["/home/milena/Dev/js/orgro/routes/bower_components","/home/milena/Dev/js/orgro/routes/node_modules"]}
[22:47:27.717] Installing typings [""]
[22:47:27.718] '':: Package name '' cannot be empty
[22:47:27.718] All typings are known to be missing or invalid - no need to install more typings
[22:47:27.718] Sending response:
    {"projectName":"/dev/null/inferredProject5*","typeAcquisition":{"enable":true,"include":[],"exclude":[]},"compilerOptions":{"module":1,"target":3,"jsx":1,"allowJs":true,"allowSyntheticDefaultImports":true,"allowNonTsExtensions":true,"noEmitForJsFiles":true,"maxNodeModuleJsDepth":2},"typings":[],"unresolvedImports":[""],"kind":"action::set"}
[22:47:27.718] Response has been sent.
[22:47:28.542] Got install request {"projectName":"/dev/null/inferredProject5*","fileNames":["/home/milena/.emacs.d/.local/etc/lsp/npm/typescript/lib/node_modules/typescript/lib/lib.es5.d.ts","/home/milena/.emacs.d/.local/etc/lsp/npm/typescript/lib/node_modules/typescript/lib/lib.es2015.d.ts","/home/milena/.emacs.d/.local/etc/lsp/npm/typescript/lib/node_modules/typescript/lib/lib.es2016.d.ts","/home/milena/.emacs.d/.local/etc/lsp/npm/typescript/lib/node_modules/typescript/lib/lib.dom.d.ts","/home/milena/.emacs.d/.local/etc/lsp/npm/typescript/lib/node_modules/typescript/lib/lib.dom.iterable.d.ts","/home/milena/.emacs.d/.local/etc/lsp/npm/typescript/lib/node_modules/typescript/lib/lib.webworker.importscripts.d.ts","/home/milena/.emacs.d/.local/etc/lsp/npm/typescript/lib/node_modules/typescript/lib/lib.scripthost.d.ts","/home/milena/.emacs.d/.local/etc/lsp/npm/typescript/lib/node_modules/typescript/lib/lib.es2015.core.d.ts","/home/milena/.emacs.d/.local/etc/lsp/npm/typescript/lib/node_modules/typescript/lib/lib.es2015.collection.d.ts","/home/milena/.emacs.d/.local/etc/lsp/npm/typescript/lib/node_modules/typescript/lib/lib.es2015.generator.d.ts","/home/milena/.emacs.d/.local/etc/lsp/npm/typescript/lib/node_modules/typescript/lib/lib.es2015.iterable.d.ts","/home/milena/.emacs.d/.local/etc/lsp/npm/typescript/lib/node_modules/typescript/lib/lib.es2015.promise.d.ts","/home/milena/.emacs.d/.local/etc/lsp/npm/typescript/lib/node_modules/typescript/lib/lib.es2015.proxy.d.ts","/home/milena/.emacs.d/.local/etc/lsp/npm/typescript/lib/node_modules/typescript/lib/lib.es2015.reflect.d.ts","/home/milena/.emacs.d/.local/etc/lsp/npm/typescript/lib/node_modules/typescript/lib/lib.es2015.symbol.d.ts","/home/milena/.emacs.d/.local/etc/lsp/npm/typescript/lib/node_modules/typescript/lib/lib.es2015.symbol.wellknown.d.ts","/home/milena/.emacs.d/.local/etc/lsp/npm/typescript/lib/node_modules/typescript/lib/lib.es2016.array.include.d.ts","/home/milena/.emacs.d/.local/etc/lsp/npm/typescript/lib/node_modules/typescript/lib/lib.es2016.full.d.ts","/home/milena/Dev/js/orgro/routes/authentication.js"],"compilerOptions":{"module":1,"target":3,"jsx":1,"allowJs":true,"allowSyntheticDefaultImports":true,"allowNonTsExtensions":true,"noEmitForJsFiles":true,"maxNodeModuleJsDepth":2},"typeAcquisition":{"enable":true,"include":[],"exclude":[]},"unresolvedImports":["e"],"projectRootPath":"/home/milena/Dev/js/orgro/routes","kind":"discover"}
[22:47:28.543] Explicitly included types: []
[22:47:28.543] Inferred typings from unresolved imports: ["e"]
[22:47:28.543] Result: {"cachedTypingPaths":[],"newTypingNames":["e"],"filesToWatch":["/home/milena/Dev/js/orgro/routes/bower_components","/home/milena/Dev/js/orgro/routes/node_modules"]}
[22:47:28.543] Finished typings discovery: {"cachedTypingPaths":[],"newTypingNames":["e"],"filesToWatch":["/home/milena/Dev/js/orgro/routes/bower_components","/home/milena/Dev/js/orgro/routes/node_modules"]}
[22:47:28.543] Installing typings ["e"]
[22:47:28.543] 'e':: Entry for package 'e' does not exist in local types registry - skipping...
[22:47:28.543] All typings are known to be missing or invalid - no need to install more typings
[22:47:28.543] Sending response:
    {"projectName":"/dev/null/inferredProject5*","typeAcquisition":{"enable":true,"include":[],"exclude":[]},"compilerOptions":{"module":1,"target":3,"jsx":1,"allowJs":true,"allowSyntheticDefaultImports":true,"allowNonTsExtensions":true,"noEmitForJsFiles":true,"maxNodeModuleJsDepth":2},"typings":[],"unresolvedImports":["e"],"kind":"action::set"}
[22:47:28.543] Response has been sent.
[22:47:28.846] Got install request {"projectName":"/dev/null/inferredProject5*","fileNames":["/home/milena/.emacs.d/.local/etc/lsp/npm/typescript/lib/node_modules/typescript/lib/lib.es5.d.ts","/home/milena/.emacs.d/.local/etc/lsp/npm/typescript/lib/node_modules/typescript/lib/lib.es2015.d.ts","/home/milena/.emacs.d/.local/etc/lsp/npm/typescript/lib/node_modules/typescript/lib/lib.es2016.d.ts","/home/milena/.emacs.d/.local/etc/lsp/npm/typescript/lib/node_modules/typescript/lib/lib.dom.d.ts","/home/milena/.emacs.d/.local/etc/lsp/npm/typescript/lib/node_modules/typescript/lib/lib.dom.iterable.d.ts","/home/milena/.emacs.d/.local/etc/lsp/npm/typescript/lib/node_modules/typescript/lib/lib.webworker.importscripts.d.ts","/home/milena/.emacs.d/.local/etc/lsp/npm/typescript/lib/node_modules/typescript/lib/lib.scripthost.d.ts","/home/milena/.emacs.d/.local/etc/lsp/npm/typescript/lib/node_modules/typescript/lib/lib.es2015.core.d.ts","/home/milena/.emacs.d/.local/etc/lsp/npm/typescript/lib/node_modules/typescript/lib/lib.es2015.collection.d.ts","/home/milena/.emacs.d/.local/etc/lsp/npm/typescript/lib/node_modules/typescript/lib/lib.es2015.generator.d.ts","/home/milena/.emacs.d/.local/etc/lsp/npm/typescript/lib/node_modules/typescript/lib/lib.es2015.iterable.d.ts","/home/milena/.emacs.d/.local/etc/lsp/npm/typescript/lib/node_modules/typescript/lib/lib.es2015.promise.d.ts","/home/milena/.emacs.d/.local/etc/lsp/npm/typescript/lib/node_modules/typescript/lib/lib.es2015.proxy.d.ts","/home/milena/.emacs.d/.local/etc/lsp/npm/typescript/lib/node_modules/typescript/lib/lib.es2015.reflect.d.ts","/home/milena/.emacs.d/.local/etc/lsp/npm/typescript/lib/node_modules/typescript/lib/lib.es2015.symbol.d.ts","/home/milena/.emacs.d/.local/etc/lsp/npm/typescript/lib/node_modules/typescript/lib/lib.es2015.symbol.wellknown.d.ts","/home/milena/.emacs.d/.local/etc/lsp/npm/typescript/lib/node_modules/typescript/lib/lib.es2016.array.include.d.ts","/home/milena/.emacs.d/.local/etc/lsp/npm/typescript/lib/node_modules/typescript/lib/lib.es2016.full.d.ts","/home/milena/Dev/js/orgro/routes/authentication.js"],"compilerOptions":{"module":1,"target":3,"jsx":1,"allowJs":true,"allowSyntheticDefaultImports":true,"allowNonTsExtensions":true,"noEmitForJsFiles":true,"maxNodeModuleJsDepth":2},"typeAcquisition":{"enable":true,"include":[],"exclude":[]},"unresolvedImports":["ex"],"projectRootPath":"/home/milena/Dev/js/orgro/routes","kind":"discover"}
[22:47:28.846] Explicitly included types: []
[22:47:28.846] Inferred typings from unresolved imports: ["ex"]
[22:47:28.846] Result: {"cachedTypingPaths":[],"newTypingNames":["ex"],"filesToWatch":["/home/milena/Dev/js/orgro/routes/bower_components","/home/milena/Dev/js/orgro/routes/node_modules"]}
[22:47:28.846] Finished typings discovery: {"cachedTypingPaths":[],"newTypingNames":["ex"],"filesToWatch":["/home/milena/Dev/js/orgro/routes/bower_components","/home/milena/Dev/js/orgro/routes/node_modules"]}
[22:47:28.846] Installing typings ["ex"]
[22:47:28.846] 'ex':: Entry for package 'ex' does not exist in local types registry - skipping...
[22:47:28.846] All typings are known to be missing or invalid - no need to install more typings
[22:47:28.846] Sending response:
    {"projectName":"/dev/null/inferredProject5*","typeAcquisition":{"enable":true,"include":[],"exclude":[]},"compilerOptions":{"module":1,"target":3,"jsx":1,"allowJs":true,"allowSyntheticDefaultImports":true,"allowNonTsExtensions":true,"noEmitForJsFiles":true,"maxNodeModuleJsDepth":2},"typings":[],"unresolvedImports":["ex"],"kind":"action::set"}
[22:47:28.846] Response has been sent.
[22:47:29.201] Got install request {"projectName":"/dev/null/inferredProject5*","fileNames":["/home/milena/.emacs.d/.local/etc/lsp/npm/typescript/lib/node_modules/typescript/lib/lib.es5.d.ts","/home/milena/.emacs.d/.local/etc/lsp/npm/typescript/lib/node_modules/typescript/lib/lib.es2015.d.ts","/home/milena/.emacs.d/.local/etc/lsp/npm/typescript/lib/node_modules/typescript/lib/lib.es2016.d.ts","/home/milena/.emacs.d/.local/etc/lsp/npm/typescript/lib/node_modules/typescript/lib/lib.dom.d.ts","/home/milena/.emacs.d/.local/etc/lsp/npm/typescript/lib/node_modules/typescript/lib/lib.dom.iterable.d.ts","/home/milena/.emacs.d/.local/etc/lsp/npm/typescript/lib/node_modules/typescript/lib/lib.webworker.importscripts.d.ts","/home/milena/.emacs.d/.local/etc/lsp/npm/typescript/lib/node_modules/typescript/lib/lib.scripthost.d.ts","/home/milena/.emacs.d/.local/etc/lsp/npm/typescript/lib/node_modules/typescript/lib/lib.es2015.core.d.ts","/home/milena/.emacs.d/.local/etc/lsp/npm/typescript/lib/node_modules/typescript/lib/lib.es2015.collection.d.ts","/home/milena/.emacs.d/.local/etc/lsp/npm/typescript/lib/node_modules/typescript/lib/lib.es2015.generator.d.ts","/home/milena/.emacs.d/.local/etc/lsp/npm/typescript/lib/node_modules/typescript/lib/lib.es2015.iterable.d.ts","/home/milena/.emacs.d/.local/etc/lsp/npm/typescript/lib/node_modules/typescript/lib/lib.es2015.promise.d.ts","/home/milena/.emacs.d/.local/etc/lsp/npm/typescript/lib/node_modules/typescript/lib/lib.es2015.proxy.d.ts","/home/milena/.emacs.d/.local/etc/lsp/npm/typescript/lib/node_modules/typescript/lib/lib.es2015.reflect.d.ts","/home/milena/.emacs.d/.local/etc/lsp/npm/typescript/lib/node_modules/typescript/lib/lib.es2015.symbol.d.ts","/home/milena/.emacs.d/.local/etc/lsp/npm/typescript/lib/node_modules/typescript/lib/lib.es2015.symbol.wellknown.d.ts","/home/milena/.emacs.d/.local/etc/lsp/npm/typescript/lib/node_modules/typescript/lib/lib.es2016.array.include.d.ts","/home/milena/.emacs.d/.local/etc/lsp/npm/typescript/lib/node_modules/typescript/lib/lib.es2016.full.d.ts","/home/milena/Dev/js/orgro/routes/authentication.js"],"compilerOptions":{"module":1,"target":3,"jsx":1,"allowJs":true,"allowSyntheticDefaultImports":true,"allowNonTsExtensions":true,"noEmitForJsFiles":true,"maxNodeModuleJsDepth":2},"typeAcquisition":{"enable":true,"include":[],"exclude":[]},"unresolvedImports":["exp"],"projectRootPath":"/home/milena/Dev/js/orgro/routes","kind":"discover"}
[22:47:29.201] Explicitly included types: []
[22:47:29.201] Inferred typings from unresolved imports: ["exp"]
[22:47:29.201] Result: {"cachedTypingPaths":[],"newTypingNames":["exp"],"filesToWatch":["/home/milena/Dev/js/orgro/routes/bower_components","/home/milena/Dev/js/orgro/routes/node_modules"]}
[22:47:29.201] Finished typings discovery: {"cachedTypingPaths":[],"newTypingNames":["exp"],"filesToWatch":["/home/milena/Dev/js/orgro/routes/bower_components","/home/milena/Dev/js/orgro/routes/node_modules"]}
[22:47:29.202] Installing typings ["exp"]
[22:47:29.202] 'exp':: Entry for package 'exp' does not exist in local types registry - skipping...
[22:47:29.202] All typings are known to be missing or invalid - no need to install more typings
[22:47:29.202] Sending response:
    {"projectName":"/dev/null/inferredProject5*","typeAcquisition":{"enable":true,"include":[],"exclude":[]},"compilerOptions":{"module":1,"target":3,"jsx":1,"allowJs":true,"allowSyntheticDefaultImports":true,"allowNonTsExtensions":true,"noEmitForJsFiles":true,"maxNodeModuleJsDepth":2},"typings":[],"unresolvedImports":["exp"],"kind":"action::set"}
[22:47:29.202] Response has been sent.
[22:47:29.269] Got install request {"projectName":"/dev/null/inferredProject5*","fileNames":["/home/milena/.emacs.d/.local/etc/lsp/npm/typescript/lib/node_modules/typescript/lib/lib.es5.d.ts","/home/milena/.emacs.d/.local/etc/lsp/npm/typescript/lib/node_modules/typescript/lib/lib.es2015.d.ts","/home/milena/.emacs.d/.local/etc/lsp/npm/typescript/lib/node_modules/typescript/lib/lib.es2016.d.ts","/home/milena/.emacs.d/.local/etc/lsp/npm/typescript/lib/node_modules/typescript/lib/lib.dom.d.ts","/home/milena/.emacs.d/.local/etc/lsp/npm/typescript/lib/node_modules/typescript/lib/lib.dom.iterable.d.ts","/home/milena/.emacs.d/.local/etc/lsp/npm/typescript/lib/node_modules/typescript/lib/lib.webworker.importscripts.d.ts","/home/milena/.emacs.d/.local/etc/lsp/npm/typescript/lib/node_modules/typescript/lib/lib.scripthost.d.ts","/home/milena/.emacs.d/.local/etc/lsp/npm/typescript/lib/node_modules/typescript/lib/lib.es2015.core.d.ts","/home/milena/.emacs.d/.local/etc/lsp/npm/typescript/lib/node_modules/typescript/lib/lib.es2015.collection.d.ts","/home/milena/.emacs.d/.local/etc/lsp/npm/typescript/lib/node_modules/typescript/lib/lib.es2015.generator.d.ts","/home/milena/.emacs.d/.local/etc/lsp/npm/typescript/lib/node_modules/typescript/lib/lib.es2015.iterable.d.ts","/home/milena/.emacs.d/.local/etc/lsp/npm/typescript/lib/node_modules/typescript/lib/lib.es2015.promise.d.ts","/home/milena/.emacs.d/.local/etc/lsp/npm/typescript/lib/node_modules/typescript/lib/lib.es2015.proxy.d.ts","/home/milena/.emacs.d/.local/etc/lsp/npm/typescript/lib/node_modules/typescript/lib/lib.es2015.reflect.d.ts","/home/milena/.emacs.d/.local/etc/lsp/npm/typescript/lib/node_modules/typescript/lib/lib.es2015.symbol.d.ts","/home/milena/.emacs.d/.local/etc/lsp/npm/typescript/lib/node_modules/typescript/lib/lib.es2015.symbol.wellknown.d.ts","/home/milena/.emacs.d/.local/etc/lsp/npm/typescript/lib/node_modules/typescript/lib/lib.es2016.array.include.d.ts","/home/milena/.emacs.d/.local/etc/lsp/npm/typescript/lib/node_modules/typescript/lib/lib.es2016.full.d.ts","/home/milena/Dev/js/orgro/routes/authentication.js"],"compilerOptions":{"module":1,"target":3,"jsx":1,"allowJs":true,"allowSyntheticDefaultImports":true,"allowNonTsExtensions":true,"noEmitForJsFiles":true,"maxNodeModuleJsDepth":2},"typeAcquisition":{"enable":true,"include":[],"exclude":[]},"unresolvedImports":["expr"],"projectRootPath":"/home/milena/Dev/js/orgro/routes","kind":"discover"}
[22:47:29.269] Explicitly included types: []
[22:47:29.269] Inferred typings from unresolved imports: ["expr"]
[22:47:29.269] Result: {"cachedTypingPaths":[],"newTypingNames":["expr"],"filesToWatch":["/home/milena/Dev/js/orgro/routes/bower_components","/home/milena/Dev/js/orgro/routes/node_modules"]}
[22:47:29.269] Finished typings discovery: {"cachedTypingPaths":[],"newTypingNames":["expr"],"filesToWatch":["/home/milena/Dev/js/orgro/routes/bower_components","/home/milena/Dev/js/orgro/routes/node_modules"]}
[22:47:29.269] Installing typings ["expr"]
[22:47:29.269] 'expr':: Entry for package 'expr' does not exist in local types registry - skipping...
[22:47:29.269] All typings are known to be missing or invalid - no need to install more typings
[22:47:29.269] Sending response:
    {"projectName":"/dev/null/inferredProject5*","typeAcquisition":{"enable":true,"include":[],"exclude":[]},"compilerOptions":{"module":1,"target":3,"jsx":1,"allowJs":true,"allowSyntheticDefaultImports":true,"allowNonTsExtensions":true,"noEmitForJsFiles":true,"maxNodeModuleJsDepth":2},"typings":[],"unresolvedImports":["expr"],"kind":"action::set"}
[22:47:29.269] Response has been sent.
[22:47:29.300] Got install request {"projectName":"/dev/null/inferredProject5*","fileNames":["/home/milena/.emacs.d/.local/etc/lsp/npm/typescript/lib/node_modules/typescript/lib/lib.es5.d.ts","/home/milena/.emacs.d/.local/etc/lsp/npm/typescript/lib/node_modules/typescript/lib/lib.es2015.d.ts","/home/milena/.emacs.d/.local/etc/lsp/npm/typescript/lib/node_modules/typescript/lib/lib.es2016.d.ts","/home/milena/.emacs.d/.local/etc/lsp/npm/typescript/lib/node_modules/typescript/lib/lib.dom.d.ts","/home/milena/.emacs.d/.local/etc/lsp/npm/typescript/lib/node_modules/typescript/lib/lib.dom.iterable.d.ts","/home/milena/.emacs.d/.local/etc/lsp/npm/typescript/lib/node_modules/typescript/lib/lib.webworker.importscripts.d.ts","/home/milena/.emacs.d/.local/etc/lsp/npm/typescript/lib/node_modules/typescript/lib/lib.scripthost.d.ts","/home/milena/.emacs.d/.local/etc/lsp/npm/typescript/lib/node_modules/typescript/lib/lib.es2015.core.d.ts","/home/milena/.emacs.d/.local/etc/lsp/npm/typescript/lib/node_modules/typescript/lib/lib.es2015.collection.d.ts","/home/milena/.emacs.d/.local/etc/lsp/npm/typescript/lib/node_modules/typescript/lib/lib.es2015.generator.d.ts","/home/milena/.emacs.d/.local/etc/lsp/npm/typescript/lib/node_modules/typescript/lib/lib.es2015.iterable.d.ts","/home/milena/.emacs.d/.local/etc/lsp/npm/typescript/lib/node_modules/typescript/lib/lib.es2015.promise.d.ts","/home/milena/.emacs.d/.local/etc/lsp/npm/typescript/lib/node_modules/typescript/lib/lib.es2015.proxy.d.ts","/home/milena/.emacs.d/.local/etc/lsp/npm/typescript/lib/node_modules/typescript/lib/lib.es2015.reflect.d.ts","/home/milena/.emacs.d/.local/etc/lsp/npm/typescript/lib/node_modules/typescript/lib/lib.es2015.symbol.d.ts","/home/milena/.emacs.d/.local/etc/lsp/npm/typescript/lib/node_modules/typescript/lib/lib.es2015.symbol.wellknown.d.ts","/home/milena/.emacs.d/.local/etc/lsp/npm/typescript/lib/node_modules/typescript/lib/lib.es2016.array.include.d.ts","/home/milena/.emacs.d/.local/etc/lsp/npm/typescript/lib/node_modules/typescript/lib/lib.es2016.full.d.ts","/home/milena/Dev/js/orgro/routes/authentication.js"],"compilerOptions":{"module":1,"target":3,"jsx":1,"allowJs":true,"allowSyntheticDefaultImports":true,"allowNonTsExtensions":true,"noEmitForJsFiles":true,"maxNodeModuleJsDepth":2},"typeAcquisition":{"enable":true,"include":[],"exclude":[]},"unresolvedImports":["expre"],"projectRootPath":"/home/milena/Dev/js/orgro/routes","kind":"discover"}
[22:47:29.300] Explicitly included types: []
[22:47:29.300] Inferred typings from unresolved imports: ["expre"]
[22:47:29.300] Result: {"cachedTypingPaths":[],"newTypingNames":["expre"],"filesToWatch":["/home/milena/Dev/js/orgro/routes/bower_components","/home/milena/Dev/js/orgro/routes/node_modules"]}
[22:47:29.300] Finished typings discovery: {"cachedTypingPaths":[],"newTypingNames":["expre"],"filesToWatch":["/home/milena/Dev/js/orgro/routes/bower_components","/home/milena/Dev/js/orgro/routes/node_modules"]}
[22:47:29.300] Installing typings ["expre"]
[22:47:29.300] 'expre':: Entry for package 'expre' does not exist in local types registry - skipping...
[22:47:29.300] All typings are known to be missing or invalid - no need to install more typings
[22:47:29.300] Sending response:
    {"projectName":"/dev/null/inferredProject5*","typeAcquisition":{"enable":true,"include":[],"exclude":[]},"compilerOptions":{"module":1,"target":3,"jsx":1,"allowJs":true,"allowSyntheticDefaultImports":true,"allowNonTsExtensions":true,"noEmitForJsFiles":true,"maxNodeModuleJsDepth":2},"typings":[],"unresolvedImports":["expre"],"kind":"action::set"}
[22:47:29.300] Response has been sent.
[22:47:29.581] Got install request {"projectName":"/dev/null/inferredProject5*","fileNames":["/home/milena/.emacs.d/.local/etc/lsp/npm/typescript/lib/node_modules/typescript/lib/lib.es5.d.ts","/home/milena/.emacs.d/.local/etc/lsp/npm/typescript/lib/node_modules/typescript/lib/lib.es2015.d.ts","/home/milena/.emacs.d/.local/etc/lsp/npm/typescript/lib/node_modules/typescript/lib/lib.es2016.d.ts","/home/milena/.emacs.d/.local/etc/lsp/npm/typescript/lib/node_modules/typescript/lib/lib.dom.d.ts","/home/milena/.emacs.d/.local/etc/lsp/npm/typescript/lib/node_modules/typescript/lib/lib.dom.iterable.d.ts","/home/milena/.emacs.d/.local/etc/lsp/npm/typescript/lib/node_modules/typescript/lib/lib.webworker.importscripts.d.ts","/home/milena/.emacs.d/.local/etc/lsp/npm/typescript/lib/node_modules/typescript/lib/lib.scripthost.d.ts","/home/milena/.emacs.d/.local/etc/lsp/npm/typescript/lib/node_modules/typescript/lib/lib.es2015.core.d.ts","/home/milena/.emacs.d/.local/etc/lsp/npm/typescript/lib/node_modules/typescript/lib/lib.es2015.collection.d.ts","/home/milena/.emacs.d/.local/etc/lsp/npm/typescript/lib/node_modules/typescript/lib/lib.es2015.generator.d.ts","/home/milena/.emacs.d/.local/etc/lsp/npm/typescript/lib/node_modules/typescript/lib/lib.es2015.iterable.d.ts","/home/milena/.emacs.d/.local/etc/lsp/npm/typescript/lib/node_modules/typescript/lib/lib.es2015.promise.d.ts","/home/milena/.emacs.d/.local/etc/lsp/npm/typescript/lib/node_modules/typescript/lib/lib.es2015.proxy.d.ts","/home/milena/.emacs.d/.local/etc/lsp/npm/typescript/lib/node_modules/typescript/lib/lib.es2015.reflect.d.ts","/home/milena/.emacs.d/.local/etc/lsp/npm/typescript/lib/node_modules/typescript/lib/lib.es2015.symbol.d.ts","/home/milena/.emacs.d/.local/etc/lsp/npm/typescript/lib/node_modules/typescript/lib/lib.es2015.symbol.wellknown.d.ts","/home/milena/.emacs.d/.local/etc/lsp/npm/typescript/lib/node_modules/typescript/lib/lib.es2016.array.include.d.ts","/home/milena/.emacs.d/.local/etc/lsp/npm/typescript/lib/node_modules/typescript/lib/lib.es2016.full.d.ts","/home/milena/Dev/js/orgro/routes/authentication.js"],"compilerOptions":{"module":1,"target":3,"jsx":1,"allowJs":true,"allowSyntheticDefaultImports":true,"allowNonTsExtensions":true,"noEmitForJsFiles":true,"maxNodeModuleJsDepth":2},"typeAcquisition":{"enable":true,"include":[],"exclude":[]},"unresolvedImports":["expres"],"projectRootPath":"/home/milena/Dev/js/orgro/routes","kind":"discover"}
[22:47:29.581] Explicitly included types: []
[22:47:29.581] Inferred typings from unresolved imports: ["expres"]
[22:47:29.581] Result: {"cachedTypingPaths":[],"newTypingNames":["expres"],"filesToWatch":["/home/milena/Dev/js/orgro/routes/bower_components","/home/milena/Dev/js/orgro/routes/node_modules"]}
[22:47:29.581] Finished typings discovery: {"cachedTypingPaths":[],"newTypingNames":["expres"],"filesToWatch":["/home/milena/Dev/js/orgro/routes/bower_components","/home/milena/Dev/js/orgro/routes/node_modules"]}
[22:47:29.581] Installing typings ["expres"]
[22:47:29.581] 'expres':: Entry for package 'expres' does not exist in local types registry - skipping...
[22:47:29.581] All typings are known to be missing or invalid - no need to install more typings
[22:47:29.581] Sending response:
    {"projectName":"/dev/null/inferredProject5*","typeAcquisition":{"enable":true,"include":[],"exclude":[]},"compilerOptions":{"module":1,"target":3,"jsx":1,"allowJs":true,"allowSyntheticDefaultImports":true,"allowNonTsExtensions":true,"noEmitForJsFiles":true,"maxNodeModuleJsDepth":2},"typings":[],"unresolvedImports":["expres"],"kind":"action::set"}
[22:47:29.581] Response has been sent.
[22:47:29.798] Got install request {"projectName":"/dev/null/inferredProject5*","fileNames":["/home/milena/.emacs.d/.local/etc/lsp/npm/typescript/lib/node_modules/typescript/lib/lib.es5.d.ts","/home/milena/.emacs.d/.local/etc/lsp/npm/typescript/lib/node_modules/typescript/lib/lib.es2015.d.ts","/home/milena/.emacs.d/.local/etc/lsp/npm/typescript/lib/node_modules/typescript/lib/lib.es2016.d.ts","/home/milena/.emacs.d/.local/etc/lsp/npm/typescript/lib/node_modules/typescript/lib/lib.dom.d.ts","/home/milena/.emacs.d/.local/etc/lsp/npm/typescript/lib/node_modules/typescript/lib/lib.dom.iterable.d.ts","/home/milena/.emacs.d/.local/etc/lsp/npm/typescript/lib/node_modules/typescript/lib/lib.webworker.importscripts.d.ts","/home/milena/.emacs.d/.local/etc/lsp/npm/typescript/lib/node_modules/typescript/lib/lib.scripthost.d.ts","/home/milena/.emacs.d/.local/etc/lsp/npm/typescript/lib/node_modules/typescript/lib/lib.es2015.core.d.ts","/home/milena/.emacs.d/.local/etc/lsp/npm/typescript/lib/node_modules/typescript/lib/lib.es2015.collection.d.ts","/home/milena/.emacs.d/.local/etc/lsp/npm/typescript/lib/node_modules/typescript/lib/lib.es2015.generator.d.ts","/home/milena/.emacs.d/.local/etc/lsp/npm/typescript/lib/node_modules/typescript/lib/lib.es2015.iterable.d.ts","/home/milena/.emacs.d/.local/etc/lsp/npm/typescript/lib/node_modules/typescript/lib/lib.es2015.promise.d.ts","/home/milena/.emacs.d/.local/etc/lsp/npm/typescript/lib/node_modules/typescript/lib/lib.es2015.proxy.d.ts","/home/milena/.emacs.d/.local/etc/lsp/npm/typescript/lib/node_modules/typescript/lib/lib.es2015.reflect.d.ts","/home/milena/.emacs.d/.local/etc/lsp/npm/typescript/lib/node_modules/typescript/lib/lib.es2015.symbol.d.ts","/home/milena/.emacs.d/.local/etc/lsp/npm/typescript/lib/node_modules/typescript/lib/lib.es2015.symbol.wellknown.d.ts","/home/milena/.emacs.d/.local/etc/lsp/npm/typescript/lib/node_modules/typescript/lib/lib.es2016.array.include.d.ts","/home/milena/.emacs.d/.local/etc/lsp/npm/typescript/lib/node_modules/typescript/lib/lib.es2016.full.d.ts","/home/milena/Dev/js/orgro/routes/authentication.js"],"compilerOptions":{"module":1,"target":3,"jsx":1,"allowJs":true,"allowSyntheticDefaultImports":true,"allowNonTsExtensions":true,"noEmitForJsFiles":true,"maxNodeModuleJsDepth":2},"typeAcquisition":{"enable":true,"include":[],"exclude":[]},"unresolvedImports":[],"projectRootPath":"/home/milena/Dev/js/orgro/routes","kind":"discover"}
[22:47:29.798] Explicitly included types: []
[22:47:29.798] Inferred typings from unresolved imports: []
[22:47:29.798] Result: {"cachedTypingPaths":[],"newTypingNames":[],"filesToWatch":["/home/milena/Dev/js/orgro/routes/bower_components","/home/milena/Dev/js/orgro/routes/node_modules"]}
[22:47:29.798] Finished typings discovery: {"cachedTypingPaths":[],"newTypingNames":[],"filesToWatch":["/home/milena/Dev/js/orgro/routes/bower_components","/home/milena/Dev/js/orgro/routes/node_modules"]}
[22:47:29.798] Sending response:
    {"projectName":"/dev/null/inferredProject5*","typeAcquisition":{"enable":true,"include":[],"exclude":[]},"compilerOptions":{"module":1,"target":3,"jsx":1,"allowJs":true,"allowSyntheticDefaultImports":true,"allowNonTsExtensions":true,"noEmitForJsFiles":true,"maxNodeModuleJsDepth":2},"typings":[],"unresolvedImports":[],"kind":"action::set"}
[22:47:29.798] Response has been sent.
[22:47:29.798] No new typings were requested as a result of typings discovery
[22:47:30.542] Got install request {"projectName":"/dev/null/inferredProject5*","fileNames":["/home/milena/.emacs.d/.local/etc/lsp/npm/typescript/lib/node_modules/typescript/lib/lib.es5.d.ts","/home/milena/.emacs.d/.local/etc/lsp/npm/typescript/lib/node_modules/typescript/lib/lib.es2015.d.ts","/home/milena/.emacs.d/.local/etc/lsp/npm/typescript/lib/node_modules/typescript/lib/lib.es2016.d.ts","/home/milena/.emacs.d/.local/etc/lsp/npm/typescript/lib/node_modules/typescript/lib/lib.dom.d.ts","/home/milena/.emacs.d/.local/etc/lsp/npm/typescript/lib/node_modules/typescript/lib/lib.dom.iterable.d.ts","/home/milena/.emacs.d/.local/etc/lsp/npm/typescript/lib/node_modules/typescript/lib/lib.webworker.importscripts.d.ts","/home/milena/.emacs.d/.local/etc/lsp/npm/typescript/lib/node_modules/typescript/lib/lib.scripthost.d.ts","/home/milena/.emacs.d/.local/etc/lsp/npm/typescript/lib/node_modules/typescript/lib/lib.es2015.core.d.ts","/home/milena/.emacs.d/.local/etc/lsp/npm/typescript/lib/node_modules/typescript/lib/lib.es2015.collection.d.ts","/home/milena/.emacs.d/.local/etc/lsp/npm/typescript/lib/node_modules/typescript/lib/lib.es2015.generator.d.ts","/home/milena/.emacs.d/.local/etc/lsp/npm/typescript/lib/node_modules/typescript/lib/lib.es2015.iterable.d.ts","/home/milena/.emacs.d/.local/etc/lsp/npm/typescript/lib/node_modules/typescript/lib/lib.es2015.promise.d.ts","/home/milena/.emacs.d/.local/etc/lsp/npm/typescript/lib/node_modules/typescript/lib/lib.es2015.proxy.d.ts","/home/milena/.emacs.d/.local/etc/lsp/npm/typescript/lib/node_modules/typescript/lib/lib.es2015.reflect.d.ts","/home/milena/.emacs.d/.local/etc/lsp/npm/typescript/lib/node_modules/typescript/lib/lib.es2015.symbol.d.ts","/home/milena/.emacs.d/.local/etc/lsp/npm/typescript/lib/node_modules/typescript/lib/lib.es2015.symbol.wellknown.d.ts","/home/milena/.emacs.d/.local/etc/lsp/npm/typescript/lib/node_modules/typescript/lib/lib.es2016.array.include.d.ts","/home/milena/.emacs.d/.local/etc/lsp/npm/typescript/lib/node_modules/typescript/lib/lib.es2016.full.d.ts","/home/milena/Dev/js/orgro/routes/authentication.js"],"compilerOptions":{"module":1,"target":3,"jsx":1,"allowJs":true,"allowSyntheticDefaultImports":true,"allowNonTsExtensions":true,"noEmitForJsFiles":true,"maxNodeModuleJsDepth":2},"typeAcquisition":{"enable":true,"include":[],"exclude":[]},"unresolvedImports":["express "],"projectRootPath":"/home/milena/Dev/js/orgro/routes","kind":"discover"}
[22:47:30.542] Explicitly included types: []
[22:47:30.542] Inferred typings from unresolved imports: ["express "]
[22:47:30.542] Result: {"cachedTypingPaths":[],"newTypingNames":["express "],"filesToWatch":["/home/milena/Dev/js/orgro/routes/bower_components","/home/milena/Dev/js/orgro/routes/node_modules"]}
[22:47:30.542] Finished typings discovery: {"cachedTypingPaths":[],"newTypingNames":["express "],"filesToWatch":["/home/milena/Dev/js/orgro/routes/bower_components","/home/milena/Dev/js/orgro/routes/node_modules"]}
[22:47:30.542] Installing typings ["express "]
[22:47:30.542] 'express ':: Package name 'express ' contains non URI safe characters
[22:47:30.542] All typings are known to be missing or invalid - no need to install more typings
[22:47:30.542] Sending response:
    {"projectName":"/dev/null/inferredProject5*","typeAcquisition":{"enable":true,"include":[],"exclude":[]},"compilerOptions":{"module":1,"target":3,"jsx":1,"allowJs":true,"allowSyntheticDefaultImports":true,"allowNonTsExtensions":true,"noEmitForJsFiles":true,"maxNodeModuleJsDepth":2},"typings":[],"unresolvedImports":["express "],"kind":"action::set"}
[22:47:30.542] Response has been sent.
[22:47:31.040] Got install request {"projectName":"/dev/null/inferredProject5*","fileNames":["/home/milena/.emacs.d/.local/etc/lsp/npm/typescript/lib/node_modules/typescript/lib/lib.es5.d.ts","/home/milena/.emacs.d/.local/etc/lsp/npm/typescript/lib/node_modules/typescript/lib/lib.es2015.d.ts","/home/milena/.emacs.d/.local/etc/lsp/npm/typescript/lib/node_modules/typescript/lib/lib.es2016.d.ts","/home/milena/.emacs.d/.local/etc/lsp/npm/typescript/lib/node_modules/typescript/lib/lib.dom.d.ts","/home/milena/.emacs.d/.local/etc/lsp/npm/typescript/lib/node_modules/typescript/lib/lib.dom.iterable.d.ts","/home/milena/.emacs.d/.local/etc/lsp/npm/typescript/lib/node_modules/typescript/lib/lib.webworker.importscripts.d.ts","/home/milena/.emacs.d/.local/etc/lsp/npm/typescript/lib/node_modules/typescript/lib/lib.scripthost.d.ts","/home/milena/.emacs.d/.local/etc/lsp/npm/typescript/lib/node_modules/typescript/lib/lib.es2015.core.d.ts","/home/milena/.emacs.d/.local/etc/lsp/npm/typescript/lib/node_modules/typescript/lib/lib.es2015.collection.d.ts","/home/milena/.emacs.d/.local/etc/lsp/npm/typescript/lib/node_modules/typescript/lib/lib.es2015.generator.d.ts","/home/milena/.emacs.d/.local/etc/lsp/npm/typescript/lib/node_modules/typescript/lib/lib.es2015.iterable.d.ts","/home/milena/.emacs.d/.local/etc/lsp/npm/typescript/lib/node_modules/typescript/lib/lib.es2015.promise.d.ts","/home/milena/.emacs.d/.local/etc/lsp/npm/typescript/lib/node_modules/typescript/lib/lib.es2015.proxy.d.ts","/home/milena/.emacs.d/.local/etc/lsp/npm/typescript/lib/node_modules/typescript/lib/lib.es2015.reflect.d.ts","/home/milena/.emacs.d/.local/etc/lsp/npm/typescript/lib/node_modules/typescript/lib/lib.es2015.symbol.d.ts","/home/milena/.emacs.d/.local/etc/lsp/npm/typescript/lib/node_modules/typescript/lib/lib.es2015.symbol.wellknown.d.ts","/home/milena/.emacs.d/.local/etc/lsp/npm/typescript/lib/node_modules/typescript/lib/lib.es2016.array.include.d.ts","/home/milena/.emacs.d/.local/etc/lsp/npm/typescript/lib/node_modules/typescript/lib/lib.es2016.full.d.ts","/home/milena/Dev/js/orgro/routes/authentication.js"],"compilerOptions":{"module":1,"target":3,"jsx":1,"allowJs":true,"allowSyntheticDefaultImports":true,"allowNonTsExtensions":true,"noEmitForJsFiles":true,"maxNodeModuleJsDepth":2},"typeAcquisition":{"enable":true,"include":[],"exclude":[]},"unresolvedImports":[],"projectRootPath":"/home/milena/Dev/js/orgro/routes","kind":"discover"}
[22:47:31.041] Explicitly included types: []
[22:47:31.041] Inferred typings from unresolved imports: []
[22:47:31.041] Result: {"cachedTypingPaths":[],"newTypingNames":[],"filesToWatch":["/home/milena/Dev/js/orgro/routes/bower_components","/home/milena/Dev/js/orgro/routes/node_modules"]}
[22:47:31.041] Finished typings discovery: {"cachedTypingPaths":[],"newTypingNames":[],"filesToWatch":["/home/milena/Dev/js/orgro/routes/bower_components","/home/milena/Dev/js/orgro/routes/node_modules"]}
[22:47:31.041] Sending response:
    {"projectName":"/dev/null/inferredProject5*","typeAcquisition":{"enable":true,"include":[],"exclude":[]},"compilerOptions":{"module":1,"target":3,"jsx":1,"allowJs":true,"allowSyntheticDefaultImports":true,"allowNonTsExtensions":true,"noEmitForJsFiles":true,"maxNodeModuleJsDepth":2},"typings":[],"unresolvedImports":[],"kind":"action::set"}
[22:47:31.041] Response has been sent.
[22:47:31.041] No new typings were requested as a result of typings discovery
[23:12:45.203] FileWatcher:: Triggered with /home/milena/Dev/js/orgro/package.json 1:: WatchInfo: /home/milena/Dev/js/orgro/package.json 2000 undefined Project: /dev/null/inferredProject2* watcher already invoked: false
[23:12:45.203] Sending response:
    {"projectName":"/dev/null/inferredProject2*","kind":"action::invalidate"}
[23:12:45.204] Response has been sent.
[23:12:45.204] Elapsed:: 0.1284198760986328ms FileWatcher:: Triggered with /home/milena/Dev/js/orgro/package.json 1:: WatchInfo: /home/milena/Dev/js/orgro/package.json 2000 undefined Project: /dev/null/inferredProject2* watcher already invoked: false
[23:12:45.305] Got install request {"projectName":"/dev/null/inferredProject2*","fileNames":["/home/milena/.emacs.d/.local/etc/lsp/npm/typescript/lib/node_modules/typescript/lib/lib.es5.d.ts","/home/milena/.emacs.d/.local/etc/lsp/npm/typescript/lib/node_modules/typescript/lib/lib.es2015.d.ts","/home/milena/.emacs.d/.local/etc/lsp/npm/typescript/lib/node_modules/typescript/lib/lib.es2016.d.ts","/home/milena/.emacs.d/.local/etc/lsp/npm/typescript/lib/node_modules/typescript/lib/lib.dom.d.ts","/home/milena/.emacs.d/.local/etc/lsp/npm/typescript/lib/node_modules/typescript/lib/lib.dom.iterable.d.ts","/home/milena/.emacs.d/.local/etc/lsp/npm/typescript/lib/node_modules/typescript/lib/lib.webworker.importscripts.d.ts","/home/milena/.emacs.d/.local/etc/lsp/npm/typescript/lib/node_modules/typescript/lib/lib.scripthost.d.ts","/home/milena/.emacs.d/.local/etc/lsp/npm/typescript/lib/node_modules/typescript/lib/lib.es2015.core.d.ts","/home/milena/.emacs.d/.local/etc/lsp/npm/typescript/lib/node_modules/typescript/lib/lib.es2015.collection.d.ts","/home/milena/.emacs.d/.local/etc/lsp/npm/typescript/lib/node_modules/typescript/lib/lib.es2015.generator.d.ts","/home/milena/.emacs.d/.local/etc/lsp/npm/typescript/lib/node_modules/typescript/lib/lib.es2015.iterable.d.ts","/home/milena/.emacs.d/.local/etc/lsp/npm/typescript/lib/node_modules/typescript/lib/lib.es2015.promise.d.ts","/home/milena/.emacs.d/.local/etc/lsp/npm/typescript/lib/node_modules/typescript/lib/lib.es2015.proxy.d.ts","/home/milena/.emacs.d/.local/etc/lsp/npm/typescript/lib/node_modules/typescript/lib/lib.es2015.reflect.d.ts","/home/milena/.emacs.d/.local/etc/lsp/npm/typescript/lib/node_modules/typescript/lib/lib.es2015.symbol.d.ts","/home/milena/.emacs.d/.local/etc/lsp/npm/typescript/lib/node_modules/typescript/lib/lib.es2015.symbol.wellknown.d.ts","/home/milena/.emacs.d/.local/etc/lsp/npm/typescript/lib/node_modules/typescript/lib/lib.es2016.array.include.d.ts","/home/milena/.emacs.d/.local/etc/lsp/npm/typescript/lib/node_modules/typescript/lib/lib.es2016.full.d.ts","/home/milena/Dev/js/orgro/app.js","/home/milena/.cache/typescript/4.6/node_modules/@types/express/index.d.ts","/home/milena/.cache/typescript/4.6/node_modules/@types/nodemon/index.d.ts","/home/milena/Dev/js/orgro/node_modules/dotenv/lib/main.d.ts"],"compilerOptions":{"module":1,"target":3,"jsx":1,"allowJs":true,"allowSyntheticDefaultImports":true,"allowNonTsExtensions":true,"noEmitForJsFiles":true,"maxNodeModuleJsDepth":2},"typeAcquisition":{"enable":true,"include":[],"exclude":[]},"unresolvedImports":[],"projectRootPath":"/home/milena/Dev/js/orgro","kind":"discover"}
[23:12:45.305] Explicitly included types: []
[23:12:45.305] Typing names in '/home/milena/Dev/js/orgro/package.json' dependencies: ["dotenv","express","org","@babel/core","@babel/node","@babel/preset-env","nodemon"]
[23:12:45.305] Searching for typing names in /home/milena/Dev/js/orgro/node_modules; all files: ["/home/milena/Dev/js/orgro/node_modules/dotenv/package.json","/home/milena/Dev/js/orgro/node_modules/express/package.json","/home/milena/Dev/js/orgro/node_modules/org/package.json","/home/milena/Dev/js/orgro/node_modules/@babel/core/package.json","/home/milena/Dev/js/orgro/node_modules/@babel/node/package.json","/home/milena/Dev/js/orgro/node_modules/@babel/preset-env/package.json","/home/milena/Dev/js/orgro/node_modules/nodemon/package.json"]
[23:12:45.306]     Package 'dotenv' provides its own types.
[23:12:45.310]     Found package names: ["express","org","@babel/core","@babel/node","@babel/preset-env","nodemon"]
[23:12:45.310] Inferred typings from unresolved imports: []
[23:12:45.310] Result: {"cachedTypingPaths":["/home/milena/Dev/js/orgro/node_modules/dotenv/lib/main.d.ts","/home/milena/.cache/typescript/4.6/node_modules/@types/express/index.d.ts","/home/milena/.cache/typescript/4.6/node_modules/@types/nodemon/index.d.ts"],"newTypingNames":["org","@babel/core","@babel/node","@babel/preset-env"],"filesToWatch":["/home/milena/Dev/js/orgro/bower_components","/home/milena/Dev/js/orgro/package.json","/home/milena/Dev/js/orgro/node_modules"]}
[23:12:45.310] Finished typings discovery: {"cachedTypingPaths":["/home/milena/Dev/js/orgro/node_modules/dotenv/lib/main.d.ts","/home/milena/.cache/typescript/4.6/node_modules/@types/express/index.d.ts","/home/milena/.cache/typescript/4.6/node_modules/@types/nodemon/index.d.ts"],"newTypingNames":["org","@babel/core","@babel/node","@babel/preset-env"],"filesToWatch":["/home/milena/Dev/js/orgro/bower_components","/home/milena/Dev/js/orgro/package.json","/home/milena/Dev/js/orgro/node_modules"]}
[23:12:45.310] Installing typings ["org","@babel/core","@babel/node","@babel/preset-env"]
[23:12:45.310] 'org':: Entry for package 'org' does not exist in local types registry - skipping...
[23:12:45.310] '@babel/core':: 'babel__core' already has an up-to-date typing - skipping...
[23:12:45.310] '@babel/node':: Entry for package 'babel__node' does not exist in local types registry - skipping...
[23:12:45.310] '@babel/preset-env':: 'babel__preset-env' already has an up-to-date typing - skipping...
[23:12:45.310] All typings are known to be missing or invalid - no need to install more typings
[23:12:45.310] Sending response:
    {"projectName":"/dev/null/inferredProject2*","typeAcquisition":{"enable":true,"include":[],"exclude":[]},"compilerOptions":{"module":1,"target":3,"jsx":1,"allowJs":true,"allowSyntheticDefaultImports":true,"allowNonTsExtensions":true,"noEmitForJsFiles":true,"maxNodeModuleJsDepth":2},"typings":["/home/milena/Dev/js/orgro/node_modules/dotenv/lib/main.d.ts","/home/milena/.cache/typescript/4.6/node_modules/@types/express/index.d.ts","/home/milena/.cache/typescript/4.6/node_modules/@types/nodemon/index.d.ts"],"unresolvedImports":[],"kind":"action::set"}
[23:12:45.310] Response has been sent.
